2025-01-19 14:59:03 | ERROR    | web_automation:setup_driver:36 - 浏览器驱动初始化失败: [WinError 193] %1 不是有效的 Win32 应用程序。
2025-01-19 14:59:03 | ERROR    | __main__:main:54 - 程序运行异常: [WinError 193] %1 不是有效的 Win32 应用程序。
2025-01-19 15:00:06 | ERROR    | web_automation:setup_driver:36 - 浏览器驱动初始化失败: [WinError 193] %1 不是有效的 Win32 应用程序。
2025-01-19 15:00:06 | ERROR    | __main__:main:54 - 程序运行异常: [WinError 193] %1 不是有效的 Win32 应用程序。
2025-01-19 15:01:09 | ERROR    | web_automation:setup_driver:36 - 浏览器驱动初始化失败: [WinError 193] %1 不是有效的 Win32 应用程序。
2025-01-19 15:01:09 | ERROR    | __main__:main:54 - 程序运行异常: [WinError 193] %1 不是有效的 Win32 应用程序。
2025-01-19 15:02:11 | ERROR    | web_automation:setup_driver:36 - 浏览器驱动初始化失败: [WinError 193] %1 不是有效的 Win32 应用程序。
2025-01-19 15:02:11 | ERROR    | __main__:main:54 - 程序运行异常: [WinError 193] %1 不是有效的 Win32 应用程序。
2025-01-19 15:03:14 | ERROR    | web_automation:setup_driver:36 - 浏览器驱动初始化失败: [WinError 193] %1 不是有效的 Win32 应用程序。
2025-01-19 15:03:14 | ERROR    | __main__:main:54 - 程序运行异常: [WinError 193] %1 不是有效的 Win32 应用程序。
2025-01-19 15:04:17 | ERROR    | web_automation:setup_driver:36 - 浏览器驱动初始化失败: [WinError 193] %1 不是有效的 Win32 应用程序。
2025-01-19 15:04:17 | ERROR    | __main__:main:54 - 程序运行异常: [WinError 193] %1 不是有效的 Win32 应用程序。
2025-01-19 15:05:20 | ERROR    | web_automation:setup_driver:36 - 浏览器驱动初始化失败: [WinError 193] %1 不是有效的 Win32 应用程序。
2025-01-19 15:05:20 | ERROR    | __main__:main:54 - 程序运行异常: [WinError 193] %1 不是有效的 Win32 应用程序。
2025-01-19 15:06:22 | ERROR    | web_automation:setup_driver:36 - 浏览器驱动初始化失败: [WinError 193] %1 不是有效的 Win32 应用程序。
2025-01-19 15:06:22 | ERROR    | __main__:main:54 - 程序运行异常: [WinError 193] %1 不是有效的 Win32 应用程序。
2025-01-19 15:07:25 | ERROR    | web_automation:setup_driver:36 - 浏览器驱动初始化失败: [WinError 193] %1 不是有效的 Win32 应用程序。
2025-01-19 15:07:25 | ERROR    | __main__:main:54 - 程序运行异常: [WinError 193] %1 不是有效的 Win32 应用程序。
2025-01-19 15:08:27 | ERROR    | web_automation:setup_driver:36 - 浏览器驱动初始化失败: [WinError 193] %1 不是有效的 Win32 应用程序。
2025-01-19 15:08:27 | ERROR    | __main__:main:54 - 程序运行异常: [WinError 193] %1 不是有效的 Win32 应用程序。
2025-01-19 15:09:30 | ERROR    | web_automation:setup_driver:36 - 浏览器驱动初始化失败: [WinError 193] %1 不是有效的 Win32 应用程序。
2025-01-19 15:09:30 | ERROR    | __main__:main:54 - 程序运行异常: [WinError 193] %1 不是有效的 Win32 应用程序。
2025-01-19 15:10:33 | ERROR    | web_automation:setup_driver:36 - 浏览器驱动初始化失败: [WinError 193] %1 不是有效的 Win32 应用程序。
2025-01-19 15:10:33 | ERROR    | __main__:main:54 - 程序运行异常: [WinError 193] %1 不是有效的 Win32 应用程序。
2025-01-19 15:11:35 | ERROR    | web_automation:setup_driver:36 - 浏览器驱动初始化失败: [WinError 193] %1 不是有效的 Win32 应用程序。
2025-01-19 15:11:35 | ERROR    | __main__:main:54 - 程序运行异常: [WinError 193] %1 不是有效的 Win32 应用程序。
2025-01-19 15:12:38 | ERROR    | web_automation:setup_driver:36 - 浏览器驱动初始化失败: [WinError 193] %1 不是有效的 Win32 应用程序。
2025-01-19 15:12:38 | ERROR    | __main__:main:54 - 程序运行异常: [WinError 193] %1 不是有效的 Win32 应用程序。
2025-01-19 15:13:40 | ERROR    | web_automation:setup_driver:36 - 浏览器驱动初始化失败: [WinError 193] %1 不是有效的 Win32 应用程序。
2025-01-19 15:13:40 | ERROR    | __main__:main:54 - 程序运行异常: [WinError 193] %1 不是有效的 Win32 应用程序。
2025-01-19 15:14:43 | ERROR    | web_automation:setup_driver:36 - 浏览器驱动初始化失败: [WinError 193] %1 不是有效的 Win32 应用程序。
2025-01-19 15:14:43 | ERROR    | __main__:main:54 - 程序运行异常: [WinError 193] %1 不是有效的 Win32 应用程序。
2025-01-19 15:15:45 | ERROR    | web_automation:setup_driver:36 - 浏览器驱动初始化失败: [WinError 193] %1 不是有效的 Win32 应用程序。
2025-01-19 15:15:45 | ERROR    | __main__:main:54 - 程序运行异常: [WinError 193] %1 不是有效的 Win32 应用程序。
2025-01-19 15:16:48 | ERROR    | web_automation:setup_driver:36 - 浏览器驱动初始化失败: [WinError 193] %1 不是有效的 Win32 应用程序。
2025-01-19 15:16:48 | ERROR    | __main__:main:54 - 程序运行异常: [WinError 193] %1 不是有效的 Win32 应用程序。
2025-01-19 15:17:50 | ERROR    | web_automation:setup_driver:36 - 浏览器驱动初始化失败: [WinError 193] %1 不是有效的 Win32 应用程序。
2025-01-19 15:17:50 | ERROR    | __main__:main:54 - 程序运行异常: [WinError 193] %1 不是有效的 Win32 应用程序。
2025-01-19 15:18:53 | ERROR    | web_automation:setup_driver:36 - 浏览器驱动初始化失败: [WinError 193] %1 不是有效的 Win32 应用程序。
2025-01-19 15:18:53 | ERROR    | __main__:main:54 - 程序运行异常: [WinError 193] %1 不是有效的 Win32 应用程序。
2025-01-19 15:19:56 | ERROR    | web_automation:setup_driver:36 - 浏览器驱动初始化失败: [WinError 193] %1 不是有效的 Win32 应用程序。
2025-01-19 15:19:56 | ERROR    | __main__:main:54 - 程序运行异常: [WinError 193] %1 不是有效的 Win32 应用程序。
2025-01-19 15:20:58 | ERROR    | web_automation:setup_driver:36 - 浏览器驱动初始化失败: [WinError 193] %1 不是有效的 Win32 应用程序。
2025-01-19 15:20:58 | ERROR    | __main__:main:54 - 程序运行异常: [WinError 193] %1 不是有效的 Win32 应用程序。
2025-01-19 15:22:00 | ERROR    | web_automation:setup_driver:36 - 浏览器驱动初始化失败: [WinError 193] %1 不是有效的 Win32 应用程序。
2025-01-19 15:22:00 | ERROR    | __main__:main:54 - 程序运行异常: [WinError 193] %1 不是有效的 Win32 应用程序。
2025-01-19 15:23:03 | ERROR    | web_automation:setup_driver:36 - 浏览器驱动初始化失败: [WinError 193] %1 不是有效的 Win32 应用程序。
2025-01-19 15:23:03 | ERROR    | __main__:main:54 - 程序运行异常: [WinError 193] %1 不是有效的 Win32 应用程序。
2025-01-19 15:24:59 | ERROR    | web_automation:setup_driver:36 - 浏览器驱动初始化失败: [WinError 193] %1 不是有效的 Win32 应用程序。
2025-01-19 15:24:59 | ERROR    | __main__:main:54 - 程序运行异常: [WinError 193] %1 不是有效的 Win32 应用程序。
2025-01-19 15:30:31 | ERROR    | web_automation:setup_driver:36 - 浏览器驱动初始化失败: Message: Unable to locate or obtain driver for chrome; For documentation on this error, please visit: https://www.selenium.dev/documentation/webdriver/troubleshooting/errors/driver_location

2025-01-19 15:30:31 | ERROR    | __main__:main:54 - 程序运行异常: Message: Unable to locate or obtain driver for chrome; For documentation on this error, please visit: https://www.selenium.dev/documentation/webdriver/troubleshooting/errors/driver_location

2025-01-19 15:33:23 | INFO     | web_automation:setup_driver:34 - 浏览器驱动初始化成功
2025-01-19 15:33:23 | INFO     | web_automation:login:53 - 开始登录系统
2025-01-19 15:33:30 | ERROR    | web_automation:wait_for_element:47 - 等待元素超时 //input[@name="username"]: Message: 
Stacktrace:
	GetHandleVerifier [0x00007FF6DB4DFBE5+28741]
	(No symbol) [0x00007FF6DB447890]
	(No symbol) [0x00007FF6DB2E4FDA]
	(No symbol) [0x00007FF6DB339322]
	(No symbol) [0x00007FF6DB33954C]
	(No symbol) [0x00007FF6DB383337]
	(No symbol) [0x00007FF6DB35FF4F]
	(No symbol) [0x00007FF6DB3800B4]
	(No symbol) [0x00007FF6DB35FCB3]
	(No symbol) [0x00007FF6DB329FB3]
	(No symbol) [0x00007FF6DB32B331]
	GetHandleVerifier [0x00007FF6DB81A73D+3414941]
	GetHandleVerifier [0x00007FF6DB82E64A+3496618]
	GetHandleVerifier [0x00007FF6DB82413D+3454365]
	GetHandleVerifier [0x00007FF6DB5A848B+850155]
	(No symbol) [0x00007FF6DB4537FF]
	(No symbol) [0x00007FF6DB44F0C4]
	(No symbol) [0x00007FF6DB44F25D]
	(No symbol) [0x00007FF6DB43E079]
	BaseThreadInitThunk [0x00007FF9E580E8D7+23]
	RtlUserThreadStart [0x00007FF9E7A5FBCC+44]

2025-01-19 15:33:30 | ERROR    | web_automation:login:69 - 登录系统失败: Message: 
Stacktrace:
	GetHandleVerifier [0x00007FF6DB4DFBE5+28741]
	(No symbol) [0x00007FF6DB447890]
	(No symbol) [0x00007FF6DB2E4FDA]
	(No symbol) [0x00007FF6DB339322]
	(No symbol) [0x00007FF6DB33954C]
	(No symbol) [0x00007FF6DB383337]
	(No symbol) [0x00007FF6DB35FF4F]
	(No symbol) [0x00007FF6DB3800B4]
	(No symbol) [0x00007FF6DB35FCB3]
	(No symbol) [0x00007FF6DB329FB3]
	(No symbol) [0x00007FF6DB32B331]
	GetHandleVerifier [0x00007FF6DB81A73D+3414941]
	GetHandleVerifier [0x00007FF6DB82E64A+3496618]
	GetHandleVerifier [0x00007FF6DB82413D+3454365]
	GetHandleVerifier [0x00007FF6DB5A848B+850155]
	(No symbol) [0x00007FF6DB4537FF]
	(No symbol) [0x00007FF6DB44F0C4]
	(No symbol) [0x00007FF6DB44F25D]
	(No symbol) [0x00007FF6DB43E079]
	BaseThreadInitThunk [0x00007FF9E580E8D7+23]
	RtlUserThreadStart [0x00007FF9E7A5FBCC+44]

2025-01-19 15:33:30 | ERROR    | __main__:main:49 - 任务执行失败: Message: 
Stacktrace:
	GetHandleVerifier [0x00007FF6DB4DFBE5+28741]
	(No symbol) [0x00007FF6DB447890]
	(No symbol) [0x00007FF6DB2E4FDA]
	(No symbol) [0x00007FF6DB339322]
	(No symbol) [0x00007FF6DB33954C]
	(No symbol) [0x00007FF6DB383337]
	(No symbol) [0x00007FF6DB35FF4F]
	(No symbol) [0x00007FF6DB3800B4]
	(No symbol) [0x00007FF6DB35FCB3]
	(No symbol) [0x00007FF6DB329FB3]
	(No symbol) [0x00007FF6DB32B331]
	GetHandleVerifier [0x00007FF6DB81A73D+3414941]
	GetHandleVerifier [0x00007FF6DB82E64A+3496618]
	GetHandleVerifier [0x00007FF6DB82413D+3454365]
	GetHandleVerifier [0x00007FF6DB5A848B+850155]
	(No symbol) [0x00007FF6DB4537FF]
	(No symbol) [0x00007FF6DB44F0C4]
	(No symbol) [0x00007FF6DB44F25D]
	(No symbol) [0x00007FF6DB43E079]
	BaseThreadInitThunk [0x00007FF9E580E8D7+23]
	RtlUserThreadStart [0x00007FF9E7A5FBCC+44]

2025-01-19 15:33:32 | INFO     | web_automation:close:126 - 浏览器已关闭
2025-01-19 15:44:26 | INFO     | web_automation:setup_driver:34 - 浏览器驱动初始化成功
2025-01-19 15:44:26 | INFO     | web_automation:login:53 - 开始登录系统
2025-01-19 15:44:32 | ERROR    | web_automation:wait_for_element:47 - 等待元素超时 //*[@id="app"]/div/div[2]/div[2]/div[2]/div[1]/div/div/div[2]/div/form/div[1]/div/div/input: Message: 
Stacktrace:
	GetHandleVerifier [0x00007FF6DB4DFBE5+28741]
	(No symbol) [0x00007FF6DB447890]
	(No symbol) [0x00007FF6DB2E4FDA]
	(No symbol) [0x00007FF6DB339322]
	(No symbol) [0x00007FF6DB33954C]
	(No symbol) [0x00007FF6DB383337]
	(No symbol) [0x00007FF6DB35FF4F]
	(No symbol) [0x00007FF6DB3800B4]
	(No symbol) [0x00007FF6DB35FCB3]
	(No symbol) [0x00007FF6DB329FB3]
	(No symbol) [0x00007FF6DB32B331]
	GetHandleVerifier [0x00007FF6DB81A73D+3414941]
	GetHandleVerifier [0x00007FF6DB82E64A+3496618]
	GetHandleVerifier [0x00007FF6DB82413D+3454365]
	GetHandleVerifier [0x00007FF6DB5A848B+850155]
	(No symbol) [0x00007FF6DB4537FF]
	(No symbol) [0x00007FF6DB44F0C4]
	(No symbol) [0x00007FF6DB44F25D]
	(No symbol) [0x00007FF6DB43E079]
	BaseThreadInitThunk [0x00007FF9E580E8D7+23]
	RtlUserThreadStart [0x00007FF9E7A5FBCC+44]

2025-01-19 15:44:32 | ERROR    | web_automation:login:69 - 登录系统失败: Message: 
Stacktrace:
	GetHandleVerifier [0x00007FF6DB4DFBE5+28741]
	(No symbol) [0x00007FF6DB447890]
	(No symbol) [0x00007FF6DB2E4FDA]
	(No symbol) [0x00007FF6DB339322]
	(No symbol) [0x00007FF6DB33954C]
	(No symbol) [0x00007FF6DB383337]
	(No symbol) [0x00007FF6DB35FF4F]
	(No symbol) [0x00007FF6DB3800B4]
	(No symbol) [0x00007FF6DB35FCB3]
	(No symbol) [0x00007FF6DB329FB3]
	(No symbol) [0x00007FF6DB32B331]
	GetHandleVerifier [0x00007FF6DB81A73D+3414941]
	GetHandleVerifier [0x00007FF6DB82E64A+3496618]
	GetHandleVerifier [0x00007FF6DB82413D+3454365]
	GetHandleVerifier [0x00007FF6DB5A848B+850155]
	(No symbol) [0x00007FF6DB4537FF]
	(No symbol) [0x00007FF6DB44F0C4]
	(No symbol) [0x00007FF6DB44F25D]
	(No symbol) [0x00007FF6DB43E079]
	BaseThreadInitThunk [0x00007FF9E580E8D7+23]
	RtlUserThreadStart [0x00007FF9E7A5FBCC+44]

2025-01-19 15:44:32 | ERROR    | __main__:main:49 - 任务执行失败: Message: 
Stacktrace:
	GetHandleVerifier [0x00007FF6DB4DFBE5+28741]
	(No symbol) [0x00007FF6DB447890]
	(No symbol) [0x00007FF6DB2E4FDA]
	(No symbol) [0x00007FF6DB339322]
	(No symbol) [0x00007FF6DB33954C]
	(No symbol) [0x00007FF6DB383337]
	(No symbol) [0x00007FF6DB35FF4F]
	(No symbol) [0x00007FF6DB3800B4]
	(No symbol) [0x00007FF6DB35FCB3]
	(No symbol) [0x00007FF6DB329FB3]
	(No symbol) [0x00007FF6DB32B331]
	GetHandleVerifier [0x00007FF6DB81A73D+3414941]
	GetHandleVerifier [0x00007FF6DB82E64A+3496618]
	GetHandleVerifier [0x00007FF6DB82413D+3454365]
	GetHandleVerifier [0x00007FF6DB5A848B+850155]
	(No symbol) [0x00007FF6DB4537FF]
	(No symbol) [0x00007FF6DB44F0C4]
	(No symbol) [0x00007FF6DB44F25D]
	(No symbol) [0x00007FF6DB43E079]
	BaseThreadInitThunk [0x00007FF9E580E8D7+23]
	RtlUserThreadStart [0x00007FF9E7A5FBCC+44]

2025-01-19 15:47:48 | INFO     | web_automation:setup_driver:34 - 浏览器驱动初始化成功
2025-01-19 15:47:48 | INFO     | web_automation:login:53 - 开始登录系统
2025-01-19 15:47:54 | INFO     | web_automation:login:68 - 登录系统成功
2025-01-19 15:47:54 | INFO     | __main__:main:42 - 执行波次配货任务
2025-01-19 15:47:54 | INFO     | web_automation:execute_wave_picking:76 - 开始执行波次配货
2025-01-19 15:48:06 | INFO     | web_automation:setup_driver:34 - 浏览器驱动初始化成功
2025-01-19 15:48:06 | INFO     | web_automation:login:53 - 开始登录系统
