2025-01-22 20:41:55 | INFO     | web_automation:setup_driver:35 - 浏览器驱动初始化成功
2025-01-22 20:41:55 | INFO     | web_automation:login:112 - 开始登录系统
2025-01-22 20:42:06 | INFO     | web_automation:login:125 - 登录系统成功
2025-01-22 20:42:06 | INFO     | web_automation:order_count:133 - 开始查询待打单数量
2025-01-22 20:42:18 | INFO     | web_automation:switch_to_iframe:65 - 切换iframe成功
2025-01-22 20:42:23 | INFO     | web_automation:order_count:144 - 当前订单数量: 55
2025-01-22 20:42:23 | INFO     | web_automation:create_wave:154 - 开始生成波次
2025-01-22 20:42:23 | INFO     | web_automation:switch_to_default:76 - 切换回主文档
2025-01-22 20:42:34 | INFO     | web_automation:switch_to_iframe:65 - 切换iframe成功
2025-01-22 20:42:37 | INFO     | web_automation:create_wave:170 - 勾选散单
2025-01-22 20:42:37 | INFO     | web_automation:create_wave:175 - 生成波次
2025-01-22 21:18:31 | INFO     | web_automation:setup_driver:35 - 浏览器驱动初始化成功
2025-01-22 21:18:31 | INFO     | web_automation:login:112 - 开始登录系统
2025-01-22 21:18:42 | INFO     | web_automation:login:125 - 登录系统成功
2025-01-22 21:18:42 | INFO     | web_automation:order_count:133 - 开始查询待打单数量
2025-01-22 21:18:49 | INFO     | web_automation:switch_to_iframe:65 - 切换iframe成功
2025-01-22 21:18:54 | INFO     | web_automation:order_count:144 - 当前订单数量: 68
2025-01-22 21:18:54 | INFO     | web_automation:create_wave:154 - 开始生成波次
2025-01-22 21:18:54 | INFO     | web_automation:switch_to_default:76 - 切换回主文档
2025-01-22 21:19:01 | INFO     | web_automation:switch_to_iframe:65 - 切换iframe成功
2025-01-22 21:19:03 | INFO     | web_automation:create_wave:165 - 勾选整波
2025-01-22 21:19:03 | INFO     | web_automation:create_wave:175 - 生成波次
2025-01-22 21:19:13 | INFO     | web_automation:create_wave:180 - 生成波次完成
2025-01-22 21:19:13 | INFO     | web_automation:execute_wave_picking:188 - 开始执行波次配货
2025-01-22 21:19:13 | INFO     | web_automation:switch_to_default:76 - 切换回主文档
2025-01-22 21:19:20 | INFO     | web_automation:switch_to_iframe:65 - 切换iframe成功
2025-01-22 21:19:37 | INFO     | web_automation:close:230 - 浏览器已关闭
2025-01-22 21:21:46 | INFO     | web_automation:setup_driver:35 - 浏览器驱动初始化成功
2025-01-22 21:21:46 | INFO     | web_automation:login:112 - 开始登录系统
2025-01-22 21:21:57 | INFO     | web_automation:login:125 - 登录系统成功
2025-01-22 21:21:57 | INFO     | web_automation:order_count:133 - 开始查询待打单数量
2025-01-22 21:22:14 | INFO     | web_automation:close:230 - 浏览器已关闭
2025-01-22 21:22:21 | INFO     | web_automation:setup_driver:35 - 浏览器驱动初始化成功
2025-01-22 21:22:21 | INFO     | web_automation:login:112 - 开始登录系统
2025-01-22 21:22:32 | INFO     | web_automation:login:125 - 登录系统成功
2025-01-22 21:22:32 | INFO     | web_automation:order_count:133 - 开始查询待打单数量
2025-01-22 21:22:39 | INFO     | web_automation:switch_to_iframe:65 - 切换iframe成功
2025-01-22 21:22:45 | INFO     | web_automation:order_count:144 - 当前订单数量: 87
2025-01-22 21:22:45 | INFO     | web_automation:create_wave:154 - 开始生成波次
2025-01-22 21:22:45 | INFO     | web_automation:switch_to_default:76 - 切换回主文档
2025-01-22 21:22:52 | INFO     | web_automation:switch_to_iframe:65 - 切换iframe成功
2025-01-22 21:22:53 | INFO     | web_automation:create_wave:165 - 勾选整波
2025-01-22 21:22:58 | ERROR    | web_automation:wait_for_element:106 - 等待元素超时 //tr[@rowid="503871746583168614"]//td[@colid="col_76"]: Message: 
Stacktrace:
	GetHandleVerifier [0x00007FF746E7FBE5+28741]
	(No symbol) [0x00007FF746DE7890]
	(No symbol) [0x00007FF746C84FDA]
	(No symbol) [0x00007FF746CD9322]
	(No symbol) [0x00007FF746CD954C]
	(No symbol) [0x00007FF746D23337]
	(No symbol) [0x00007FF746CFFF4F]
	(No symbol) [0x00007FF746D200B4]
	(No symbol) [0x00007FF746CFFCB3]
	(No symbol) [0x00007FF746CC9FB3]
	(No symbol) [0x00007FF746CCB331]
	GetHandleVerifier [0x00007FF7471BA73D+3414941]
	GetHandleVerifier [0x00007FF7471CE64A+3496618]
	GetHandleVerifier [0x00007FF7471C413D+3454365]
	GetHandleVerifier [0x00007FF746F4848B+850155]
	(No symbol) [0x00007FF746DF37FF]
	(No symbol) [0x00007FF746DEF0C4]
	(No symbol) [0x00007FF746DEF25D]
	(No symbol) [0x00007FF746DDE079]
	BaseThreadInitThunk [0x00007FFBECB4E8D7+23]
	RtlUserThreadStart [0x00007FFBEDFDFBCC+44]

2025-01-22 21:22:58 | ERROR    | web_automation:create_wave:182 - 生成波次失败: Message: 
Stacktrace:
	GetHandleVerifier [0x00007FF746E7FBE5+28741]
	(No symbol) [0x00007FF746DE7890]
	(No symbol) [0x00007FF746C84FDA]
	(No symbol) [0x00007FF746CD9322]
	(No symbol) [0x00007FF746CD954C]
	(No symbol) [0x00007FF746D23337]
	(No symbol) [0x00007FF746CFFF4F]
	(No symbol) [0x00007FF746D200B4]
	(No symbol) [0x00007FF746CFFCB3]
	(No symbol) [0x00007FF746CC9FB3]
	(No symbol) [0x00007FF746CCB331]
	GetHandleVerifier [0x00007FF7471BA73D+3414941]
	GetHandleVerifier [0x00007FF7471CE64A+3496618]
	GetHandleVerifier [0x00007FF7471C413D+3454365]
	GetHandleVerifier [0x00007FF746F4848B+850155]
	(No symbol) [0x00007FF746DF37FF]
	(No symbol) [0x00007FF746DEF0C4]
	(No symbol) [0x00007FF746DEF25D]
	(No symbol) [0x00007FF746DDE079]
	BaseThreadInitThunk [0x00007FFBECB4E8D7+23]
	RtlUserThreadStart [0x00007FFBEDFDFBCC+44]

2025-01-22 21:22:58 | ERROR    | __main__:main:69 - 任务执行失败: Message: 
Stacktrace:
	GetHandleVerifier [0x00007FF746E7FBE5+28741]
	(No symbol) [0x00007FF746DE7890]
	(No symbol) [0x00007FF746C84FDA]
	(No symbol) [0x00007FF746CD9322]
	(No symbol) [0x00007FF746CD954C]
	(No symbol) [0x00007FF746D23337]
	(No symbol) [0x00007FF746CFFF4F]
	(No symbol) [0x00007FF746D200B4]
	(No symbol) [0x00007FF746CFFCB3]
	(No symbol) [0x00007FF746CC9FB3]
	(No symbol) [0x00007FF746CCB331]
	GetHandleVerifier [0x00007FF7471BA73D+3414941]
	GetHandleVerifier [0x00007FF7471CE64A+3496618]
	GetHandleVerifier [0x00007FF7471C413D+3454365]
	GetHandleVerifier [0x00007FF746F4848B+850155]
	(No symbol) [0x00007FF746DF37FF]
	(No symbol) [0x00007FF746DEF0C4]
	(No symbol) [0x00007FF746DEF25D]
	(No symbol) [0x00007FF746DDE079]
	BaseThreadInitThunk [0x00007FFBECB4E8D7+23]
	RtlUserThreadStart [0x00007FFBEDFDFBCC+44]

2025-01-22 21:23:00 | INFO     | web_automation:close:230 - 浏览器已关闭
2025-01-22 21:23:22 | INFO     | web_automation:setup_driver:35 - 浏览器驱动初始化成功
2025-01-22 21:23:22 | INFO     | web_automation:login:112 - 开始登录系统
2025-01-22 21:23:33 | INFO     | web_automation:login:125 - 登录系统成功
2025-01-22 21:23:33 | INFO     | web_automation:order_count:133 - 开始查询待打单数量
2025-01-22 21:23:40 | INFO     | web_automation:switch_to_iframe:65 - 切换iframe成功
2025-01-22 21:23:45 | INFO     | web_automation:order_count:144 - 当前订单数量: 72
2025-01-22 21:23:45 | INFO     | web_automation:create_wave:154 - 开始生成波次
2025-01-22 21:23:45 | INFO     | web_automation:switch_to_default:76 - 切换回主文档
2025-01-22 21:23:53 | INFO     | web_automation:switch_to_iframe:65 - 切换iframe成功
2025-01-22 21:23:54 | INFO     | web_automation:create_wave:165 - 勾选整波
2025-01-22 21:23:54 | INFO     | web_automation:create_wave:175 - 生成波次
2025-01-22 21:24:16 | INFO     | web_automation:close:230 - 浏览器已关闭
2025-01-22 21:26:21 | INFO     | web_automation:setup_driver:35 - 浏览器驱动初始化成功
2025-01-22 21:26:21 | INFO     | web_automation:login:112 - 开始登录系统
2025-01-22 21:26:33 | INFO     | web_automation:login:125 - 登录系统成功
2025-01-22 21:26:33 | INFO     | web_automation:order_count:133 - 开始查询待打单数量
2025-01-22 21:26:40 | INFO     | web_automation:switch_to_iframe:65 - 切换iframe成功
2025-01-22 21:26:45 | INFO     | web_automation:order_count:144 - 当前订单数量: 72
2025-01-22 21:26:45 | INFO     | web_automation:create_wave:154 - 开始生成波次
2025-01-22 21:26:45 | INFO     | web_automation:switch_to_default:76 - 切换回主文档
2025-01-22 21:26:53 | INFO     | web_automation:switch_to_iframe:65 - 切换iframe成功
2025-01-22 21:26:54 | INFO     | web_automation:create_wave:170 - 勾选散单
2025-01-22 21:26:54 | INFO     | web_automation:create_wave:175 - 生成波次
2025-01-22 21:27:11 | INFO     | web_automation:close:230 - 浏览器已关闭
2025-01-22 21:28:28 | INFO     | web_automation:setup_driver:35 - 浏览器驱动初始化成功
2025-01-22 21:28:28 | INFO     | __main__:main:70 - 当前不是工作时间，不执行任务
2025-01-22 22:48:05 | INFO     | __main__:<module>:82 - 程序启动
2025-01-22 22:48:05 | INFO     | __main__:main:29 - 开始执行任务，当前时间: 2025-01-22 22:48:05
2025-01-22 22:48:05 | INFO     | __main__:main:40 - 获取到登录凭证: 18612964176
2025-01-22 22:48:06 | INFO     | web_automation:setup_driver:35 - 浏览器驱动初始化成功
2025-01-22 22:48:06 | INFO     | __main__:main:76 - 当前不是工作时间，不执行任务
2025-01-22 22:48:08 | INFO     | __main__:<module>:91 - 任务执行完成，等待30分钟后重新执行
2025-01-22 22:48:24 | INFO     | __main__:<module>:100 - 程序被手动停止
2025-01-22 23:09:48 | INFO     | main:main:29 - 开始执行任务，当前时间: 2025-01-22 23:09:48
2025-01-22 23:09:48 | INFO     | main:main:40 - 获取到登录凭证: 18612964176
2025-01-22 23:09:49 | INFO     | web_automation:setup_driver:35 - 浏览器驱动初始化成功
2025-01-22 23:09:49 | INFO     | main:main:76 - 当前不是工作时间，不执行任务
2025-01-22 23:24:07 | INFO     | main:main:29 - 开始执行任务，当前时间: 2025-01-22 23:24:07
2025-01-22 23:24:07 | INFO     | main:main:33 - 当前不是工作时间，不执行任务
2025-01-22 23:28:02 | INFO     | main:main:29 - 开始执行任务，当前时间: 2025-01-22 23:28:02
2025-01-22 23:28:02 | INFO     | main:main:33 - 当前不是工作时间，不执行任务
