2025-01-20 00:45:17 | INFO     | web_automation:setup_driver:34 - 浏览器驱动初始化成功
2025-01-20 00:45:17 | INFO     | __main__:main:64 - 当前不是工作时间，不执行任务
2025-01-20 00:55:26 | INFO     | web_automation:setup_driver:34 - 浏览器驱动初始化成功
2025-01-20 00:55:26 | INFO     | __main__:main:67 - 当前不是工作时间，不执行任务
2025-01-20 00:57:29 | INFO     | web_automation:setup_driver:34 - 浏览器驱动初始化成功
2025-01-20 00:57:29 | INFO     | web_automation:login:53 - 开始登录系统
2025-01-20 00:57:35 | ERROR    | web_automation:wait_for_element:47 - 等待元素超时 //*[@id="app"]/div/div[2]/div[2]/div[2]/div[1]/div/div/div[2]/div/form/div[1]/div/div/input: Message: 
Stacktrace:
	GetHandleVerifier [0x00007FF6DB4DFBE5+28741]
	(No symbol) [0x00007FF6DB447890]
	(No symbol) [0x00007FF6DB2E4FDA]
	(No symbol) [0x00007FF6DB339322]
	(No symbol) [0x00007FF6DB33954C]
	(No symbol) [0x00007FF6DB383337]
	(No symbol) [0x00007FF6DB35FF4F]
	(No symbol) [0x00007FF6DB3800B4]
	(No symbol) [0x00007FF6DB35FCB3]
	(No symbol) [0x00007FF6DB329FB3]
	(No symbol) [0x00007FF6DB32B331]
	GetHandleVerifier [0x00007FF6DB81A73D+3414941]
	GetHandleVerifier [0x00007FF6DB82E64A+3496618]
	GetHandleVerifier [0x00007FF6DB82413D+3454365]
	GetHandleVerifier [0x00007FF6DB5A848B+850155]
	(No symbol) [0x00007FF6DB4537FF]
	(No symbol) [0x00007FF6DB44F0C4]
	(No symbol) [0x00007FF6DB44F25D]
	(No symbol) [0x00007FF6DB43E079]
	BaseThreadInitThunk [0x00007FF9E580E8D7+23]
	RtlUserThreadStart [0x00007FF9E7A5FBCC+44]

2025-01-20 00:57:35 | ERROR    | web_automation:login:71 - 登录系统失败: Message: 
Stacktrace:
	GetHandleVerifier [0x00007FF6DB4DFBE5+28741]
	(No symbol) [0x00007FF6DB447890]
	(No symbol) [0x00007FF6DB2E4FDA]
	(No symbol) [0x00007FF6DB339322]
	(No symbol) [0x00007FF6DB33954C]
	(No symbol) [0x00007FF6DB383337]
	(No symbol) [0x00007FF6DB35FF4F]
	(No symbol) [0x00007FF6DB3800B4]
	(No symbol) [0x00007FF6DB35FCB3]
	(No symbol) [0x00007FF6DB329FB3]
	(No symbol) [0x00007FF6DB32B331]
	GetHandleVerifier [0x00007FF6DB81A73D+3414941]
	GetHandleVerifier [0x00007FF6DB82E64A+3496618]
	GetHandleVerifier [0x00007FF6DB82413D+3454365]
	GetHandleVerifier [0x00007FF6DB5A848B+850155]
	(No symbol) [0x00007FF6DB4537FF]
	(No symbol) [0x00007FF6DB44F0C4]
	(No symbol) [0x00007FF6DB44F25D]
	(No symbol) [0x00007FF6DB43E079]
	BaseThreadInitThunk [0x00007FF9E580E8D7+23]
	RtlUserThreadStart [0x00007FF9E7A5FBCC+44]

2025-01-20 00:57:35 | ERROR    | __main__:main:65 - 任务执行失败: Message: 
Stacktrace:
	GetHandleVerifier [0x00007FF6DB4DFBE5+28741]
	(No symbol) [0x00007FF6DB447890]
	(No symbol) [0x00007FF6DB2E4FDA]
	(No symbol) [0x00007FF6DB339322]
	(No symbol) [0x00007FF6DB33954C]
	(No symbol) [0x00007FF6DB383337]
	(No symbol) [0x00007FF6DB35FF4F]
	(No symbol) [0x00007FF6DB3800B4]
	(No symbol) [0x00007FF6DB35FCB3]
	(No symbol) [0x00007FF6DB329FB3]
	(No symbol) [0x00007FF6DB32B331]
	GetHandleVerifier [0x00007FF6DB81A73D+3414941]
	GetHandleVerifier [0x00007FF6DB82E64A+3496618]
	GetHandleVerifier [0x00007FF6DB82413D+3454365]
	GetHandleVerifier [0x00007FF6DB5A848B+850155]
	(No symbol) [0x00007FF6DB4537FF]
	(No symbol) [0x00007FF6DB44F0C4]
	(No symbol) [0x00007FF6DB44F25D]
	(No symbol) [0x00007FF6DB43E079]
	BaseThreadInitThunk [0x00007FF9E580E8D7+23]
	RtlUserThreadStart [0x00007FF9E7A5FBCC+44]

2025-01-20 00:57:37 | INFO     | web_automation:close:180 - 浏览器已关闭
2025-01-20 00:59:27 | INFO     | web_automation:setup_driver:34 - 浏览器驱动初始化成功
2025-01-20 00:59:27 | INFO     | web_automation:login:53 - 开始登录系统
2025-01-20 00:59:29 | ERROR    | web_automation:login:71 - 登录系统失败: Message: element not interactable
  (Session info: chrome=132.0.6834.84)
Stacktrace:
	GetHandleVerifier [0x00007FF6DB4DFBE5+28741]
	(No symbol) [0x00007FF6DB447890]
	(No symbol) [0x00007FF6DB2E4E09]
	(No symbol) [0x00007FF6DB332C84]
	(No symbol) [0x00007FF6DB330D89]
	(No symbol) [0x00007FF6DB35FF0A]
	(No symbol) [0x00007FF6DB32BE46]
	(No symbol) [0x00007FF6DB360120]
	(No symbol) [0x00007FF6DB3800B4]
	(No symbol) [0x00007FF6DB35FCB3]
	(No symbol) [0x00007FF6DB329FB3]
	(No symbol) [0x00007FF6DB32B331]
	GetHandleVerifier [0x00007FF6DB81A73D+3414941]
	GetHandleVerifier [0x00007FF6DB82E64A+3496618]
	GetHandleVerifier [0x00007FF6DB82413D+3454365]
	GetHandleVerifier [0x00007FF6DB5A848B+850155]
	(No symbol) [0x00007FF6DB4537FF]
	(No symbol) [0x00007FF6DB44F0C4]
	(No symbol) [0x00007FF6DB44F25D]
	(No symbol) [0x00007FF6DB43E079]
	BaseThreadInitThunk [0x00007FF9E580E8D7+23]
	RtlUserThreadStart [0x00007FF9E7A5FBCC+44]

2025-01-20 00:59:29 | ERROR    | __main__:main:65 - 任务执行失败: Message: element not interactable
  (Session info: chrome=132.0.6834.84)
Stacktrace:
	GetHandleVerifier [0x00007FF6DB4DFBE5+28741]
	(No symbol) [0x00007FF6DB447890]
	(No symbol) [0x00007FF6DB2E4E09]
	(No symbol) [0x00007FF6DB332C84]
	(No symbol) [0x00007FF6DB330D89]
	(No symbol) [0x00007FF6DB35FF0A]
	(No symbol) [0x00007FF6DB32BE46]
	(No symbol) [0x00007FF6DB360120]
	(No symbol) [0x00007FF6DB3800B4]
	(No symbol) [0x00007FF6DB35FCB3]
	(No symbol) [0x00007FF6DB329FB3]
	(No symbol) [0x00007FF6DB32B331]
	GetHandleVerifier [0x00007FF6DB81A73D+3414941]
	GetHandleVerifier [0x00007FF6DB82E64A+3496618]
	GetHandleVerifier [0x00007FF6DB82413D+3454365]
	GetHandleVerifier [0x00007FF6DB5A848B+850155]
	(No symbol) [0x00007FF6DB4537FF]
	(No symbol) [0x00007FF6DB44F0C4]
	(No symbol) [0x00007FF6DB44F25D]
	(No symbol) [0x00007FF6DB43E079]
	BaseThreadInitThunk [0x00007FF9E580E8D7+23]
	RtlUserThreadStart [0x00007FF9E7A5FBCC+44]

2025-01-20 00:59:31 | INFO     | web_automation:close:180 - 浏览器已关闭
2025-01-20 01:01:05 | INFO     | web_automation:setup_driver:34 - 浏览器驱动初始化成功
2025-01-20 01:01:05 | INFO     | web_automation:login:53 - 开始登录系统
2025-01-20 01:01:10 | ERROR    | web_automation:login:72 - 登录系统失败: Message: stale element reference: stale element not found in the current frame
  (Session info: chrome=132.0.6834.84); For documentation on this error, please visit: https://www.selenium.dev/documentation/webdriver/troubleshooting/errors#stale-element-reference-exception
Stacktrace:
	GetHandleVerifier [0x00007FF6DB4DFBE5+28741]
	(No symbol) [0x00007FF6DB447890]
	(No symbol) [0x00007FF6DB2E4FDA]
	(No symbol) [0x00007FF6DB2EBC22]
	(No symbol) [0x00007FF6DB2EE99C]
	(No symbol) [0x00007FF6DB2EEA6F]
	(No symbol) [0x00007FF6DB33A160]
	(No symbol) [0x00007FF6DB33A224]
	(No symbol) [0x00007FF6DB32FD77]
	(No symbol) [0x00007FF6DB35FF0A]
	(No symbol) [0x00007FF6DB32BE46]
	(No symbol) [0x00007FF6DB360120]
	(No symbol) [0x00007FF6DB3800B4]
	(No symbol) [0x00007FF6DB35FCB3]
	(No symbol) [0x00007FF6DB329FB3]
	(No symbol) [0x00007FF6DB32B331]
	GetHandleVerifier [0x00007FF6DB81A73D+3414941]
	GetHandleVerifier [0x00007FF6DB82E64A+3496618]
	GetHandleVerifier [0x00007FF6DB82413D+3454365]
	GetHandleVerifier [0x00007FF6DB5A848B+850155]
	(No symbol) [0x00007FF6DB4537FF]
	(No symbol) [0x00007FF6DB44F0C4]
	(No symbol) [0x00007FF6DB44F25D]
	(No symbol) [0x00007FF6DB43E079]
	BaseThreadInitThunk [0x00007FF9E580E8D7+23]
	RtlUserThreadStart [0x00007FF9E7A5FBCC+44]

2025-01-20 01:01:10 | ERROR    | __main__:main:65 - 任务执行失败: Message: stale element reference: stale element not found in the current frame
  (Session info: chrome=132.0.6834.84); For documentation on this error, please visit: https://www.selenium.dev/documentation/webdriver/troubleshooting/errors#stale-element-reference-exception
Stacktrace:
	GetHandleVerifier [0x00007FF6DB4DFBE5+28741]
	(No symbol) [0x00007FF6DB447890]
	(No symbol) [0x00007FF6DB2E4FDA]
	(No symbol) [0x00007FF6DB2EBC22]
	(No symbol) [0x00007FF6DB2EE99C]
	(No symbol) [0x00007FF6DB2EEA6F]
	(No symbol) [0x00007FF6DB33A160]
	(No symbol) [0x00007FF6DB33A224]
	(No symbol) [0x00007FF6DB32FD77]
	(No symbol) [0x00007FF6DB35FF0A]
	(No symbol) [0x00007FF6DB32BE46]
	(No symbol) [0x00007FF6DB360120]
	(No symbol) [0x00007FF6DB3800B4]
	(No symbol) [0x00007FF6DB35FCB3]
	(No symbol) [0x00007FF6DB329FB3]
	(No symbol) [0x00007FF6DB32B331]
	GetHandleVerifier [0x00007FF6DB81A73D+3414941]
	GetHandleVerifier [0x00007FF6DB82E64A+3496618]
	GetHandleVerifier [0x00007FF6DB82413D+3454365]
	GetHandleVerifier [0x00007FF6DB5A848B+850155]
	(No symbol) [0x00007FF6DB4537FF]
	(No symbol) [0x00007FF6DB44F0C4]
	(No symbol) [0x00007FF6DB44F25D]
	(No symbol) [0x00007FF6DB43E079]
	BaseThreadInitThunk [0x00007FF9E580E8D7+23]
	RtlUserThreadStart [0x00007FF9E7A5FBCC+44]

2025-01-20 01:01:12 | INFO     | web_automation:close:181 - 浏览器已关闭
2025-01-20 01:02:08 | INFO     | web_automation:setup_driver:34 - 浏览器驱动初始化成功
2025-01-20 01:02:08 | INFO     | web_automation:login:53 - 开始登录系统
2025-01-20 01:02:15 | INFO     | web_automation:login:69 - 登录系统成功
2025-01-20 01:02:15 | INFO     | web_automation:order_count:77 - 开始查询待打单数量
2025-01-20 01:03:54 | INFO     | web_automation:setup_driver:34 - 浏览器驱动初始化成功
2025-01-20 01:03:54 | INFO     | web_automation:login:53 - 开始登录系统
2025-01-20 01:04:03 | INFO     | web_automation:login:69 - 登录系统成功
2025-01-20 01:04:03 | INFO     | web_automation:order_count:77 - 开始查询待打单数量
2025-01-20 01:05:29 | INFO     | web_automation:setup_driver:34 - 浏览器驱动初始化成功
2025-01-20 01:05:29 | INFO     | web_automation:login:53 - 开始登录系统
2025-01-20 01:05:35 | INFO     | web_automation:login:69 - 登录系统成功
2025-01-20 01:05:35 | INFO     | web_automation:order_count:77 - 开始查询待打单数量
2025-01-20 01:05:41 | ERROR    | web_automation:wait_for_element:47 - 等待元素超时 //*[@id="app"]/div/div/div[6]/div[1]/div[2]/i: Message: 
Stacktrace:
	GetHandleVerifier [0x00007FF6DB4DFBE5+28741]
	(No symbol) [0x00007FF6DB447890]
	(No symbol) [0x00007FF6DB2E4FDA]
	(No symbol) [0x00007FF6DB339322]
	(No symbol) [0x00007FF6DB33954C]
	(No symbol) [0x00007FF6DB383337]
	(No symbol) [0x00007FF6DB35FF4F]
	(No symbol) [0x00007FF6DB3800B4]
	(No symbol) [0x00007FF6DB35FCB3]
	(No symbol) [0x00007FF6DB329FB3]
	(No symbol) [0x00007FF6DB32B331]
	GetHandleVerifier [0x00007FF6DB81A73D+3414941]
	GetHandleVerifier [0x00007FF6DB82E64A+3496618]
	GetHandleVerifier [0x00007FF6DB82413D+3454365]
	GetHandleVerifier [0x00007FF6DB5A848B+850155]
	(No symbol) [0x00007FF6DB4537FF]
	(No symbol) [0x00007FF6DB44F0C4]
	(No symbol) [0x00007FF6DB44F25D]
	(No symbol) [0x00007FF6DB43E079]
	BaseThreadInitThunk [0x00007FF9E580E8D7+23]
	RtlUserThreadStart [0x00007FF9E7A5FBCC+44]

2025-01-20 01:05:41 | ERROR    | web_automation:order_count:95 - 查询待打单数量失败: Message: 
Stacktrace:
	GetHandleVerifier [0x00007FF6DB4DFBE5+28741]
	(No symbol) [0x00007FF6DB447890]
	(No symbol) [0x00007FF6DB2E4FDA]
	(No symbol) [0x00007FF6DB339322]
	(No symbol) [0x00007FF6DB33954C]
	(No symbol) [0x00007FF6DB383337]
	(No symbol) [0x00007FF6DB35FF4F]
	(No symbol) [0x00007FF6DB3800B4]
	(No symbol) [0x00007FF6DB35FCB3]
	(No symbol) [0x00007FF6DB329FB3]
	(No symbol) [0x00007FF6DB32B331]
	GetHandleVerifier [0x00007FF6DB81A73D+3414941]
	GetHandleVerifier [0x00007FF6DB82E64A+3496618]
	GetHandleVerifier [0x00007FF6DB82413D+3454365]
	GetHandleVerifier [0x00007FF6DB5A848B+850155]
	(No symbol) [0x00007FF6DB4537FF]
	(No symbol) [0x00007FF6DB44F0C4]
	(No symbol) [0x00007FF6DB44F25D]
	(No symbol) [0x00007FF6DB43E079]
	BaseThreadInitThunk [0x00007FF9E580E8D7+23]
	RtlUserThreadStart [0x00007FF9E7A5FBCC+44]

2025-01-20 01:05:41 | ERROR    | __main__:main:67 - 任务执行失败: Message: 
Stacktrace:
	GetHandleVerifier [0x00007FF6DB4DFBE5+28741]
	(No symbol) [0x00007FF6DB447890]
	(No symbol) [0x00007FF6DB2E4FDA]
	(No symbol) [0x00007FF6DB339322]
	(No symbol) [0x00007FF6DB33954C]
	(No symbol) [0x00007FF6DB383337]
	(No symbol) [0x00007FF6DB35FF4F]
	(No symbol) [0x00007FF6DB3800B4]
	(No symbol) [0x00007FF6DB35FCB3]
	(No symbol) [0x00007FF6DB329FB3]
	(No symbol) [0x00007FF6DB32B331]
	GetHandleVerifier [0x00007FF6DB81A73D+3414941]
	GetHandleVerifier [0x00007FF6DB82E64A+3496618]
	GetHandleVerifier [0x00007FF6DB82413D+3454365]
	GetHandleVerifier [0x00007FF6DB5A848B+850155]
	(No symbol) [0x00007FF6DB4537FF]
	(No symbol) [0x00007FF6DB44F0C4]
	(No symbol) [0x00007FF6DB44F25D]
	(No symbol) [0x00007FF6DB43E079]
	BaseThreadInitThunk [0x00007FF9E580E8D7+23]
	RtlUserThreadStart [0x00007FF9E7A5FBCC+44]

2025-01-20 01:05:43 | INFO     | web_automation:close:180 - 浏览器已关闭
2025-01-20 01:07:39 | INFO     | web_automation:setup_driver:34 - 浏览器驱动初始化成功
2025-01-20 01:07:39 | INFO     | web_automation:login:53 - 开始登录系统
2025-01-20 01:07:45 | INFO     | web_automation:login:69 - 登录系统成功
2025-01-20 01:07:45 | INFO     | web_automation:order_count:77 - 开始查询待打单数量
2025-01-20 01:07:51 | ERROR    | web_automation:wait_for_element:47 - 等待元素超时 //*[@id="app"]/div/div/div[6]/div[1]/div[2]/i: Message: 
Stacktrace:
	GetHandleVerifier [0x00007FF6DB4DFBE5+28741]
	(No symbol) [0x00007FF6DB447890]
	(No symbol) [0x00007FF6DB2E4FDA]
	(No symbol) [0x00007FF6DB339322]
	(No symbol) [0x00007FF6DB33954C]
	(No symbol) [0x00007FF6DB383337]
	(No symbol) [0x00007FF6DB35FF4F]
	(No symbol) [0x00007FF6DB3800B4]
	(No symbol) [0x00007FF6DB35FCB3]
	(No symbol) [0x00007FF6DB329FB3]
	(No symbol) [0x00007FF6DB32B331]
	GetHandleVerifier [0x00007FF6DB81A73D+3414941]
	GetHandleVerifier [0x00007FF6DB82E64A+3496618]
	GetHandleVerifier [0x00007FF6DB82413D+3454365]
	GetHandleVerifier [0x00007FF6DB5A848B+850155]
	(No symbol) [0x00007FF6DB4537FF]
	(No symbol) [0x00007FF6DB44F0C4]
	(No symbol) [0x00007FF6DB44F25D]
	(No symbol) [0x00007FF6DB43E079]
	BaseThreadInitThunk [0x00007FF9E580E8D7+23]
	RtlUserThreadStart [0x00007FF9E7A5FBCC+44]

2025-01-20 01:07:51 | ERROR    | web_automation:order_count:95 - 查询待打单数量失败: Message: 
Stacktrace:
	GetHandleVerifier [0x00007FF6DB4DFBE5+28741]
	(No symbol) [0x00007FF6DB447890]
	(No symbol) [0x00007FF6DB2E4FDA]
	(No symbol) [0x00007FF6DB339322]
	(No symbol) [0x00007FF6DB33954C]
	(No symbol) [0x00007FF6DB383337]
	(No symbol) [0x00007FF6DB35FF4F]
	(No symbol) [0x00007FF6DB3800B4]
	(No symbol) [0x00007FF6DB35FCB3]
	(No symbol) [0x00007FF6DB329FB3]
	(No symbol) [0x00007FF6DB32B331]
	GetHandleVerifier [0x00007FF6DB81A73D+3414941]
	GetHandleVerifier [0x00007FF6DB82E64A+3496618]
	GetHandleVerifier [0x00007FF6DB82413D+3454365]
	GetHandleVerifier [0x00007FF6DB5A848B+850155]
	(No symbol) [0x00007FF6DB4537FF]
	(No symbol) [0x00007FF6DB44F0C4]
	(No symbol) [0x00007FF6DB44F25D]
	(No symbol) [0x00007FF6DB43E079]
	BaseThreadInitThunk [0x00007FF9E580E8D7+23]
	RtlUserThreadStart [0x00007FF9E7A5FBCC+44]

2025-01-20 01:07:51 | ERROR    | __main__:main:67 - 任务执行失败: Message: 
Stacktrace:
	GetHandleVerifier [0x00007FF6DB4DFBE5+28741]
	(No symbol) [0x00007FF6DB447890]
	(No symbol) [0x00007FF6DB2E4FDA]
	(No symbol) [0x00007FF6DB339322]
	(No symbol) [0x00007FF6DB33954C]
	(No symbol) [0x00007FF6DB383337]
	(No symbol) [0x00007FF6DB35FF4F]
	(No symbol) [0x00007FF6DB3800B4]
	(No symbol) [0x00007FF6DB35FCB3]
	(No symbol) [0x00007FF6DB329FB3]
	(No symbol) [0x00007FF6DB32B331]
	GetHandleVerifier [0x00007FF6DB81A73D+3414941]
	GetHandleVerifier [0x00007FF6DB82E64A+3496618]
	GetHandleVerifier [0x00007FF6DB82413D+3454365]
	GetHandleVerifier [0x00007FF6DB5A848B+850155]
	(No symbol) [0x00007FF6DB4537FF]
	(No symbol) [0x00007FF6DB44F0C4]
	(No symbol) [0x00007FF6DB44F25D]
	(No symbol) [0x00007FF6DB43E079]
	BaseThreadInitThunk [0x00007FF9E580E8D7+23]
	RtlUserThreadStart [0x00007FF9E7A5FBCC+44]

2025-01-20 01:07:53 | INFO     | web_automation:close:180 - 浏览器已关闭
2025-01-20 01:14:40 | INFO     | web_automation:setup_driver:34 - 浏览器驱动初始化成功
2025-01-20 01:14:40 | INFO     | web_automation:login:53 - 开始登录系统
2025-01-20 01:14:46 | INFO     | web_automation:login:69 - 登录系统成功
2025-01-20 01:14:46 | INFO     | web_automation:order_count:77 - 开始查询待打单数量
2025-01-20 01:14:52 | ERROR    | web_automation:wait_for_element:47 - 等待元素超时 //*[@id="app"]/div/div/div[6]/div[1]/div[2]/i: Message: 
Stacktrace:
	GetHandleVerifier [0x00007FF6DB4DFBE5+28741]
	(No symbol) [0x00007FF6DB447890]
	(No symbol) [0x00007FF6DB2E4FDA]
	(No symbol) [0x00007FF6DB339322]
	(No symbol) [0x00007FF6DB33954C]
	(No symbol) [0x00007FF6DB383337]
	(No symbol) [0x00007FF6DB35FF4F]
	(No symbol) [0x00007FF6DB3800B4]
	(No symbol) [0x00007FF6DB35FCB3]
	(No symbol) [0x00007FF6DB329FB3]
	(No symbol) [0x00007FF6DB32B331]
	GetHandleVerifier [0x00007FF6DB81A73D+3414941]
	GetHandleVerifier [0x00007FF6DB82E64A+3496618]
	GetHandleVerifier [0x00007FF6DB82413D+3454365]
	GetHandleVerifier [0x00007FF6DB5A848B+850155]
	(No symbol) [0x00007FF6DB4537FF]
	(No symbol) [0x00007FF6DB44F0C4]
	(No symbol) [0x00007FF6DB44F25D]
	(No symbol) [0x00007FF6DB43E079]
	BaseThreadInitThunk [0x00007FF9E580E8D7+23]
	RtlUserThreadStart [0x00007FF9E7A5FBCC+44]

2025-01-20 01:14:52 | ERROR    | web_automation:order_count:95 - 查询待打单数量失败: Message: 
Stacktrace:
	GetHandleVerifier [0x00007FF6DB4DFBE5+28741]
	(No symbol) [0x00007FF6DB447890]
	(No symbol) [0x00007FF6DB2E4FDA]
	(No symbol) [0x00007FF6DB339322]
	(No symbol) [0x00007FF6DB33954C]
	(No symbol) [0x00007FF6DB383337]
	(No symbol) [0x00007FF6DB35FF4F]
	(No symbol) [0x00007FF6DB3800B4]
	(No symbol) [0x00007FF6DB35FCB3]
	(No symbol) [0x00007FF6DB329FB3]
	(No symbol) [0x00007FF6DB32B331]
	GetHandleVerifier [0x00007FF6DB81A73D+3414941]
	GetHandleVerifier [0x00007FF6DB82E64A+3496618]
	GetHandleVerifier [0x00007FF6DB82413D+3454365]
	GetHandleVerifier [0x00007FF6DB5A848B+850155]
	(No symbol) [0x00007FF6DB4537FF]
	(No symbol) [0x00007FF6DB44F0C4]
	(No symbol) [0x00007FF6DB44F25D]
	(No symbol) [0x00007FF6DB43E079]
	BaseThreadInitThunk [0x00007FF9E580E8D7+23]
	RtlUserThreadStart [0x00007FF9E7A5FBCC+44]

2025-01-20 01:14:52 | ERROR    | __main__:main:67 - 任务执行失败: Message: 
Stacktrace:
	GetHandleVerifier [0x00007FF6DB4DFBE5+28741]
	(No symbol) [0x00007FF6DB447890]
	(No symbol) [0x00007FF6DB2E4FDA]
	(No symbol) [0x00007FF6DB339322]
	(No symbol) [0x00007FF6DB33954C]
	(No symbol) [0x00007FF6DB383337]
	(No symbol) [0x00007FF6DB35FF4F]
	(No symbol) [0x00007FF6DB3800B4]
	(No symbol) [0x00007FF6DB35FCB3]
	(No symbol) [0x00007FF6DB329FB3]
	(No symbol) [0x00007FF6DB32B331]
	GetHandleVerifier [0x00007FF6DB81A73D+3414941]
	GetHandleVerifier [0x00007FF6DB82E64A+3496618]
	GetHandleVerifier [0x00007FF6DB82413D+3454365]
	GetHandleVerifier [0x00007FF6DB5A848B+850155]
	(No symbol) [0x00007FF6DB4537FF]
	(No symbol) [0x00007FF6DB44F0C4]
	(No symbol) [0x00007FF6DB44F25D]
	(No symbol) [0x00007FF6DB43E079]
	BaseThreadInitThunk [0x00007FF9E580E8D7+23]
	RtlUserThreadStart [0x00007FF9E7A5FBCC+44]

2025-01-20 01:14:54 | INFO     | web_automation:close:180 - 浏览器已关闭
2025-01-20 01:16:41 | INFO     | web_automation:setup_driver:34 - 浏览器驱动初始化成功
2025-01-20 01:16:41 | INFO     | web_automation:login:53 - 开始登录系统
2025-01-20 01:16:47 | ERROR    | web_automation:wait_for_element:47 - 等待元素超时 //*[@id="app"]/div/div[2]/div[2]/div[2]/div[1]/div/div/div[2]/div/form/div[1]/div/div/input: Message: 
Stacktrace:
	GetHandleVerifier [0x00007FF6DB4DFBE5+28741]
	(No symbol) [0x00007FF6DB447890]
	(No symbol) [0x00007FF6DB2E4FDA]
	(No symbol) [0x00007FF6DB339322]
	(No symbol) [0x00007FF6DB33954C]
	(No symbol) [0x00007FF6DB383337]
	(No symbol) [0x00007FF6DB35FF4F]
	(No symbol) [0x00007FF6DB3800B4]
	(No symbol) [0x00007FF6DB35FCB3]
	(No symbol) [0x00007FF6DB329FB3]
	(No symbol) [0x00007FF6DB32B331]
	GetHandleVerifier [0x00007FF6DB81A73D+3414941]
	GetHandleVerifier [0x00007FF6DB82E64A+3496618]
	GetHandleVerifier [0x00007FF6DB82413D+3454365]
	GetHandleVerifier [0x00007FF6DB5A848B+850155]
	(No symbol) [0x00007FF6DB4537FF]
	(No symbol) [0x00007FF6DB44F0C4]
	(No symbol) [0x00007FF6DB44F25D]
	(No symbol) [0x00007FF6DB43E079]
	BaseThreadInitThunk [0x00007FF9E580E8D7+23]
	RtlUserThreadStart [0x00007FF9E7A5FBCC+44]

2025-01-20 01:16:47 | ERROR    | web_automation:login:71 - 登录系统失败: Message: 
Stacktrace:
	GetHandleVerifier [0x00007FF6DB4DFBE5+28741]
	(No symbol) [0x00007FF6DB447890]
	(No symbol) [0x00007FF6DB2E4FDA]
	(No symbol) [0x00007FF6DB339322]
	(No symbol) [0x00007FF6DB33954C]
	(No symbol) [0x00007FF6DB383337]
	(No symbol) [0x00007FF6DB35FF4F]
	(No symbol) [0x00007FF6DB3800B4]
	(No symbol) [0x00007FF6DB35FCB3]
	(No symbol) [0x00007FF6DB329FB3]
	(No symbol) [0x00007FF6DB32B331]
	GetHandleVerifier [0x00007FF6DB81A73D+3414941]
	GetHandleVerifier [0x00007FF6DB82E64A+3496618]
	GetHandleVerifier [0x00007FF6DB82413D+3454365]
	GetHandleVerifier [0x00007FF6DB5A848B+850155]
	(No symbol) [0x00007FF6DB4537FF]
	(No symbol) [0x00007FF6DB44F0C4]
	(No symbol) [0x00007FF6DB44F25D]
	(No symbol) [0x00007FF6DB43E079]
	BaseThreadInitThunk [0x00007FF9E580E8D7+23]
	RtlUserThreadStart [0x00007FF9E7A5FBCC+44]

2025-01-20 01:16:47 | ERROR    | __main__:main:67 - 任务执行失败: Message: 
Stacktrace:
	GetHandleVerifier [0x00007FF6DB4DFBE5+28741]
	(No symbol) [0x00007FF6DB447890]
	(No symbol) [0x00007FF6DB2E4FDA]
	(No symbol) [0x00007FF6DB339322]
	(No symbol) [0x00007FF6DB33954C]
	(No symbol) [0x00007FF6DB383337]
	(No symbol) [0x00007FF6DB35FF4F]
	(No symbol) [0x00007FF6DB3800B4]
	(No symbol) [0x00007FF6DB35FCB3]
	(No symbol) [0x00007FF6DB329FB3]
	(No symbol) [0x00007FF6DB32B331]
	GetHandleVerifier [0x00007FF6DB81A73D+3414941]
	GetHandleVerifier [0x00007FF6DB82E64A+3496618]
	GetHandleVerifier [0x00007FF6DB82413D+3454365]
	GetHandleVerifier [0x00007FF6DB5A848B+850155]
	(No symbol) [0x00007FF6DB4537FF]
	(No symbol) [0x00007FF6DB44F0C4]
	(No symbol) [0x00007FF6DB44F25D]
	(No symbol) [0x00007FF6DB43E079]
	BaseThreadInitThunk [0x00007FF9E580E8D7+23]
	RtlUserThreadStart [0x00007FF9E7A5FBCC+44]

2025-01-20 01:16:56 | INFO     | web_automation:setup_driver:34 - 浏览器驱动初始化成功
2025-01-20 01:16:56 | INFO     | web_automation:login:53 - 开始登录系统
2025-01-20 01:17:03 | INFO     | web_automation:login:69 - 登录系统成功
2025-01-20 01:17:03 | INFO     | web_automation:order_count:77 - 开始查询待打单数量
2025-01-20 01:17:08 | ERROR    | web_automation:wait_for_element:47 - 等待元素超时 //*[@id="app"]/div/div/div[6]/div[1]/div[2]: Message: 
Stacktrace:
	GetHandleVerifier [0x00007FF6DB4DFBE5+28741]
	(No symbol) [0x00007FF6DB447890]
	(No symbol) [0x00007FF6DB2E4FDA]
	(No symbol) [0x00007FF6DB339322]
	(No symbol) [0x00007FF6DB33954C]
	(No symbol) [0x00007FF6DB383337]
	(No symbol) [0x00007FF6DB35FF4F]
	(No symbol) [0x00007FF6DB3800B4]
	(No symbol) [0x00007FF6DB35FCB3]
	(No symbol) [0x00007FF6DB329FB3]
	(No symbol) [0x00007FF6DB32B331]
	GetHandleVerifier [0x00007FF6DB81A73D+3414941]
	GetHandleVerifier [0x00007FF6DB82E64A+3496618]
	GetHandleVerifier [0x00007FF6DB82413D+3454365]
	GetHandleVerifier [0x00007FF6DB5A848B+850155]
	(No symbol) [0x00007FF6DB4537FF]
	(No symbol) [0x00007FF6DB44F0C4]
	(No symbol) [0x00007FF6DB44F25D]
	(No symbol) [0x00007FF6DB43E079]
	BaseThreadInitThunk [0x00007FF9E580E8D7+23]
	RtlUserThreadStart [0x00007FF9E7A5FBCC+44]

2025-01-20 01:17:08 | ERROR    | web_automation:order_count:95 - 查询待打单数量失败: Message: 
Stacktrace:
	GetHandleVerifier [0x00007FF6DB4DFBE5+28741]
	(No symbol) [0x00007FF6DB447890]
	(No symbol) [0x00007FF6DB2E4FDA]
	(No symbol) [0x00007FF6DB339322]
	(No symbol) [0x00007FF6DB33954C]
	(No symbol) [0x00007FF6DB383337]
	(No symbol) [0x00007FF6DB35FF4F]
	(No symbol) [0x00007FF6DB3800B4]
	(No symbol) [0x00007FF6DB35FCB3]
	(No symbol) [0x00007FF6DB329FB3]
	(No symbol) [0x00007FF6DB32B331]
	GetHandleVerifier [0x00007FF6DB81A73D+3414941]
	GetHandleVerifier [0x00007FF6DB82E64A+3496618]
	GetHandleVerifier [0x00007FF6DB82413D+3454365]
	GetHandleVerifier [0x00007FF6DB5A848B+850155]
	(No symbol) [0x00007FF6DB4537FF]
	(No symbol) [0x00007FF6DB44F0C4]
	(No symbol) [0x00007FF6DB44F25D]
	(No symbol) [0x00007FF6DB43E079]
	BaseThreadInitThunk [0x00007FF9E580E8D7+23]
	RtlUserThreadStart [0x00007FF9E7A5FBCC+44]

2025-01-20 01:17:08 | ERROR    | __main__:main:67 - 任务执行失败: Message: 
Stacktrace:
	GetHandleVerifier [0x00007FF6DB4DFBE5+28741]
	(No symbol) [0x00007FF6DB447890]
	(No symbol) [0x00007FF6DB2E4FDA]
	(No symbol) [0x00007FF6DB339322]
	(No symbol) [0x00007FF6DB33954C]
	(No symbol) [0x00007FF6DB383337]
	(No symbol) [0x00007FF6DB35FF4F]
	(No symbol) [0x00007FF6DB3800B4]
	(No symbol) [0x00007FF6DB35FCB3]
	(No symbol) [0x00007FF6DB329FB3]
	(No symbol) [0x00007FF6DB32B331]
	GetHandleVerifier [0x00007FF6DB81A73D+3414941]
	GetHandleVerifier [0x00007FF6DB82E64A+3496618]
	GetHandleVerifier [0x00007FF6DB82413D+3454365]
	GetHandleVerifier [0x00007FF6DB5A848B+850155]
	(No symbol) [0x00007FF6DB4537FF]
	(No symbol) [0x00007FF6DB44F0C4]
	(No symbol) [0x00007FF6DB44F25D]
	(No symbol) [0x00007FF6DB43E079]
	BaseThreadInitThunk [0x00007FF9E580E8D7+23]
	RtlUserThreadStart [0x00007FF9E7A5FBCC+44]

2025-01-20 01:17:10 | INFO     | web_automation:close:180 - 浏览器已关闭
2025-01-20 01:17:50 | INFO     | web_automation:setup_driver:34 - 浏览器驱动初始化成功
2025-01-20 01:17:50 | INFO     | web_automation:login:53 - 开始登录系统
2025-01-20 01:17:57 | INFO     | web_automation:login:69 - 登录系统成功
2025-01-20 01:17:57 | INFO     | web_automation:order_count:77 - 开始查询待打单数量
2025-01-20 01:18:02 | ERROR    | web_automation:wait_for_element:47 - 等待元素超时 /html/body/div/div/div/div[6]/div[1]/div[2]/i: Message: 
Stacktrace:
	GetHandleVerifier [0x00007FF6DB4DFBE5+28741]
	(No symbol) [0x00007FF6DB447890]
	(No symbol) [0x00007FF6DB2E4FDA]
	(No symbol) [0x00007FF6DB339322]
	(No symbol) [0x00007FF6DB33954C]
	(No symbol) [0x00007FF6DB383337]
	(No symbol) [0x00007FF6DB35FF4F]
	(No symbol) [0x00007FF6DB3800B4]
	(No symbol) [0x00007FF6DB35FCB3]
	(No symbol) [0x00007FF6DB329FB3]
	(No symbol) [0x00007FF6DB32B331]
	GetHandleVerifier [0x00007FF6DB81A73D+3414941]
	GetHandleVerifier [0x00007FF6DB82E64A+3496618]
	GetHandleVerifier [0x00007FF6DB82413D+3454365]
	GetHandleVerifier [0x00007FF6DB5A848B+850155]
	(No symbol) [0x00007FF6DB4537FF]
	(No symbol) [0x00007FF6DB44F0C4]
	(No symbol) [0x00007FF6DB44F25D]
	(No symbol) [0x00007FF6DB43E079]
	BaseThreadInitThunk [0x00007FF9E580E8D7+23]
	RtlUserThreadStart [0x00007FF9E7A5FBCC+44]

2025-01-20 01:18:02 | ERROR    | web_automation:order_count:95 - 查询待打单数量失败: Message: 
Stacktrace:
	GetHandleVerifier [0x00007FF6DB4DFBE5+28741]
	(No symbol) [0x00007FF6DB447890]
	(No symbol) [0x00007FF6DB2E4FDA]
	(No symbol) [0x00007FF6DB339322]
	(No symbol) [0x00007FF6DB33954C]
	(No symbol) [0x00007FF6DB383337]
	(No symbol) [0x00007FF6DB35FF4F]
	(No symbol) [0x00007FF6DB3800B4]
	(No symbol) [0x00007FF6DB35FCB3]
	(No symbol) [0x00007FF6DB329FB3]
	(No symbol) [0x00007FF6DB32B331]
	GetHandleVerifier [0x00007FF6DB81A73D+3414941]
	GetHandleVerifier [0x00007FF6DB82E64A+3496618]
	GetHandleVerifier [0x00007FF6DB82413D+3454365]
	GetHandleVerifier [0x00007FF6DB5A848B+850155]
	(No symbol) [0x00007FF6DB4537FF]
	(No symbol) [0x00007FF6DB44F0C4]
	(No symbol) [0x00007FF6DB44F25D]
	(No symbol) [0x00007FF6DB43E079]
	BaseThreadInitThunk [0x00007FF9E580E8D7+23]
	RtlUserThreadStart [0x00007FF9E7A5FBCC+44]

2025-01-20 01:18:02 | ERROR    | __main__:main:67 - 任务执行失败: Message: 
Stacktrace:
	GetHandleVerifier [0x00007FF6DB4DFBE5+28741]
	(No symbol) [0x00007FF6DB447890]
	(No symbol) [0x00007FF6DB2E4FDA]
	(No symbol) [0x00007FF6DB339322]
	(No symbol) [0x00007FF6DB33954C]
	(No symbol) [0x00007FF6DB383337]
	(No symbol) [0x00007FF6DB35FF4F]
	(No symbol) [0x00007FF6DB3800B4]
	(No symbol) [0x00007FF6DB35FCB3]
	(No symbol) [0x00007FF6DB329FB3]
	(No symbol) [0x00007FF6DB32B331]
	GetHandleVerifier [0x00007FF6DB81A73D+3414941]
	GetHandleVerifier [0x00007FF6DB82E64A+3496618]
	GetHandleVerifier [0x00007FF6DB82413D+3454365]
	GetHandleVerifier [0x00007FF6DB5A848B+850155]
	(No symbol) [0x00007FF6DB4537FF]
	(No symbol) [0x00007FF6DB44F0C4]
	(No symbol) [0x00007FF6DB44F25D]
	(No symbol) [0x00007FF6DB43E079]
	BaseThreadInitThunk [0x00007FF9E580E8D7+23]
	RtlUserThreadStart [0x00007FF9E7A5FBCC+44]

2025-01-20 01:18:04 | INFO     | web_automation:close:180 - 浏览器已关闭
2025-01-20 01:28:32 | INFO     | web_automation:setup_driver:34 - 浏览器驱动初始化成功
2025-01-20 01:28:32 | INFO     | web_automation:login:80 - 开始登录系统
2025-01-20 01:28:38 | ERROR    | web_automation:login:96 - 登录系统失败: WebAutomation.wait_for_element() got an unexpected keyword argument 'switch_iframe'
2025-01-20 01:28:38 | ERROR    | __main__:main:67 - 任务执行失败: WebAutomation.wait_for_element() got an unexpected keyword argument 'switch_iframe'
2025-01-20 01:28:40 | INFO     | web_automation:close:216 - 浏览器已关闭
2025-01-20 01:30:38 | INFO     | web_automation:setup_driver:34 - 浏览器驱动初始化成功
2025-01-20 01:30:38 | INFO     | web_automation:login:80 - 开始登录系统
2025-01-20 01:30:50 | INFO     | web_automation:login:94 - 登录系统成功
2025-01-20 01:30:50 | INFO     | web_automation:order_count:102 - 开始查询待打单数量
2025-01-20 01:31:00 | ERROR    | web_automation:switch_to_iframe:70 - 切换iframe失败: Message: 
Stacktrace:
	GetHandleVerifier [0x00007FF6DB4DFBE5+28741]
	(No symbol) [0x00007FF6DB447890]
	(No symbol) [0x00007FF6DB2E4FDA]
	(No symbol) [0x00007FF6DB339322]
	(No symbol) [0x00007FF6DB33954C]
	(No symbol) [0x00007FF6DB383337]
	(No symbol) [0x00007FF6DB35FF4F]
	(No symbol) [0x00007FF6DB3800B4]
	(No symbol) [0x00007FF6DB35FCB3]
	(No symbol) [0x00007FF6DB329FB3]
	(No symbol) [0x00007FF6DB32B331]
	GetHandleVerifier [0x00007FF6DB81A73D+3414941]
	GetHandleVerifier [0x00007FF6DB82E64A+3496618]
	GetHandleVerifier [0x00007FF6DB82413D+3454365]
	GetHandleVerifier [0x00007FF6DB5A848B+850155]
	(No symbol) [0x00007FF6DB4537FF]
	(No symbol) [0x00007FF6DB44F0C4]
	(No symbol) [0x00007FF6DB44F25D]
	(No symbol) [0x00007FF6DB43E079]
	BaseThreadInitThunk [0x00007FF9E580E8D7+23]
	RtlUserThreadStart [0x00007FF9E7A5FBCC+44]

2025-01-20 01:31:00 | ERROR    | web_automation:order_count:121 - 查询待打单数量失败: Message: 
Stacktrace:
	GetHandleVerifier [0x00007FF6DB4DFBE5+28741]
	(No symbol) [0x00007FF6DB447890]
	(No symbol) [0x00007FF6DB2E4FDA]
	(No symbol) [0x00007FF6DB339322]
	(No symbol) [0x00007FF6DB33954C]
	(No symbol) [0x00007FF6DB383337]
	(No symbol) [0x00007FF6DB35FF4F]
	(No symbol) [0x00007FF6DB3800B4]
	(No symbol) [0x00007FF6DB35FCB3]
	(No symbol) [0x00007FF6DB329FB3]
	(No symbol) [0x00007FF6DB32B331]
	GetHandleVerifier [0x00007FF6DB81A73D+3414941]
	GetHandleVerifier [0x00007FF6DB82E64A+3496618]
	GetHandleVerifier [0x00007FF6DB82413D+3454365]
	GetHandleVerifier [0x00007FF6DB5A848B+850155]
	(No symbol) [0x00007FF6DB4537FF]
	(No symbol) [0x00007FF6DB44F0C4]
	(No symbol) [0x00007FF6DB44F25D]
	(No symbol) [0x00007FF6DB43E079]
	BaseThreadInitThunk [0x00007FF9E580E8D7+23]
	RtlUserThreadStart [0x00007FF9E7A5FBCC+44]

2025-01-20 01:31:00 | INFO     | web_automation:create_wave:127 - 开始生成波次
2025-01-20 01:37:52 | INFO     | web_automation:setup_driver:34 - 浏览器驱动初始化成功
2025-01-20 01:37:52 | INFO     | web_automation:login:132 - 开始登录系统
2025-01-20 01:37:54 | INFO     | web_automation:login:144 - 登录系统成功
2025-01-20 01:37:54 | INFO     | web_automation:order_count:152 - 开始查询待打单数量
2025-01-20 01:38:17 | ERROR    | web_automation:switch_to_iframe:117 - 切换iframe失败: ('Connection aborted.', ConnectionResetError(10054, '远程主机强迫关闭了一个现有的连接。', None, 10054, None))
2025-01-20 01:41:04 | INFO     | web_automation:setup_driver:34 - 浏览器驱动初始化成功
2025-01-20 01:41:04 | INFO     | web_automation:login:132 - 开始登录系统
2025-01-20 01:41:08 | INFO     | web_automation:login:145 - 登录系统成功
2025-01-20 01:41:08 | INFO     | web_automation:order_count:153 - 开始查询待打单数量
2025-01-20 01:46:53 | INFO     | web_automation:setup_driver:34 - 浏览器驱动初始化成功
2025-01-20 01:46:53 | INFO     | web_automation:login:99 - 开始登录系统
2025-01-20 01:46:58 | INFO     | web_automation:login:112 - 登录系统成功
2025-01-20 01:46:58 | INFO     | web_automation:order_count:120 - 开始查询待打单数量
2025-01-20 01:47:06 | ERROR    | web_automation:switch_to_iframe:89 - 切换iframe失败: 找不到content-frame
2025-01-20 01:47:06 | ERROR    | web_automation:order_count:139 - 查询待打单数量失败: 找不到content-frame
2025-01-20 01:47:06 | INFO     | web_automation:create_wave:145 - 开始生成波次
2025-01-20 01:47:15 | ERROR    | web_automation:wait_for_element:64 - 等待元素超时 //*[@id="add-guide-step3-box"]/div[2]/div/div/button[1]: Message: 
Stacktrace:
	GetHandleVerifier [0x00007FF6DB4DFBE5+28741]
	(No symbol) [0x00007FF6DB447890]
	(No symbol) [0x00007FF6DB2E4FDA]
	(No symbol) [0x00007FF6DB339322]
	(No symbol) [0x00007FF6DB33954C]
	(No symbol) [0x00007FF6DB383337]
	(No symbol) [0x00007FF6DB35FF4F]
	(No symbol) [0x00007FF6DB3800B4]
	(No symbol) [0x00007FF6DB35FCB3]
	(No symbol) [0x00007FF6DB329FB3]
	(No symbol) [0x00007FF6DB32B331]
	GetHandleVerifier [0x00007FF6DB81A73D+3414941]
	GetHandleVerifier [0x00007FF6DB82E64A+3496618]
	GetHandleVerifier [0x00007FF6DB82413D+3454365]
	GetHandleVerifier [0x00007FF6DB5A848B+850155]
	(No symbol) [0x00007FF6DB4537FF]
	(No symbol) [0x00007FF6DB44F0C4]
	(No symbol) [0x00007FF6DB44F25D]
	(No symbol) [0x00007FF6DB43E079]
	BaseThreadInitThunk [0x00007FF9E580E8D7+23]
	RtlUserThreadStart [0x00007FF9E7A5FBCC+44]

2025-01-20 01:47:15 | ERROR    | web_automation:create_wave:178 - 生成波次失败: Message: 
Stacktrace:
	GetHandleVerifier [0x00007FF6DB4DFBE5+28741]
	(No symbol) [0x00007FF6DB447890]
	(No symbol) [0x00007FF6DB2E4FDA]
	(No symbol) [0x00007FF6DB339322]
	(No symbol) [0x00007FF6DB33954C]
	(No symbol) [0x00007FF6DB383337]
	(No symbol) [0x00007FF6DB35FF4F]
	(No symbol) [0x00007FF6DB3800B4]
	(No symbol) [0x00007FF6DB35FCB3]
	(No symbol) [0x00007FF6DB329FB3]
	(No symbol) [0x00007FF6DB32B331]
	GetHandleVerifier [0x00007FF6DB81A73D+3414941]
	GetHandleVerifier [0x00007FF6DB82E64A+3496618]
	GetHandleVerifier [0x00007FF6DB82413D+3454365]
	GetHandleVerifier [0x00007FF6DB5A848B+850155]
	(No symbol) [0x00007FF6DB4537FF]
	(No symbol) [0x00007FF6DB44F0C4]
	(No symbol) [0x00007FF6DB44F25D]
	(No symbol) [0x00007FF6DB43E079]
	BaseThreadInitThunk [0x00007FF9E580E8D7+23]
	RtlUserThreadStart [0x00007FF9E7A5FBCC+44]

2025-01-20 01:47:15 | ERROR    | __main__:main:67 - 任务执行失败: Message: 
Stacktrace:
	GetHandleVerifier [0x00007FF6DB4DFBE5+28741]
	(No symbol) [0x00007FF6DB447890]
	(No symbol) [0x00007FF6DB2E4FDA]
	(No symbol) [0x00007FF6DB339322]
	(No symbol) [0x00007FF6DB33954C]
	(No symbol) [0x00007FF6DB383337]
	(No symbol) [0x00007FF6DB35FF4F]
	(No symbol) [0x00007FF6DB3800B4]
	(No symbol) [0x00007FF6DB35FCB3]
	(No symbol) [0x00007FF6DB329FB3]
	(No symbol) [0x00007FF6DB32B331]
	GetHandleVerifier [0x00007FF6DB81A73D+3414941]
	GetHandleVerifier [0x00007FF6DB82E64A+3496618]
	GetHandleVerifier [0x00007FF6DB82413D+3454365]
	GetHandleVerifier [0x00007FF6DB5A848B+850155]
	(No symbol) [0x00007FF6DB4537FF]
	(No symbol) [0x00007FF6DB44F0C4]
	(No symbol) [0x00007FF6DB44F25D]
	(No symbol) [0x00007FF6DB43E079]
	BaseThreadInitThunk [0x00007FF9E580E8D7+23]
	RtlUserThreadStart [0x00007FF9E7A5FBCC+44]

2025-01-20 01:47:17 | INFO     | web_automation:close:231 - 浏览器已关闭
2025-01-20 01:53:03 | INFO     | web_automation:setup_driver:34 - 浏览器驱动初始化成功
2025-01-20 01:53:03 | INFO     | web_automation:login:100 - 开始登录系统
2025-01-20 01:53:08 | INFO     | web_automation:login:113 - 登录系统成功
2025-01-20 01:53:08 | INFO     | web_automation:order_count:121 - 开始查询待打单数量
2025-01-20 01:53:21 | INFO     | web_automation:switch_to_iframe:87 - 切换iframe成功
2025-01-20 01:53:29 | INFO     | web_automation:wait_for_element:55 - 切换iframe成功
2025-01-20 01:53:42 | INFO     | web_automation:wait_for_element:55 - 切换iframe成功
2025-01-20 01:53:42 | INFO     | web_automation:order_count:136 - 当前订单数量: 235
2025-01-20 01:53:42 | INFO     | web_automation:create_wave:146 - 开始生成波次
2025-01-20 02:03:14 | INFO     | web_automation:setup_driver:34 - 浏览器驱动初始化成功
2025-01-20 02:03:14 | INFO     | web_automation:login:110 - 开始登录系统
2025-01-20 02:03:18 | INFO     | web_automation:login:123 - 登录系统成功
2025-01-20 02:03:18 | INFO     | web_automation:order_count:131 - 开始查询待打单数量
2025-01-20 02:03:29 | INFO     | web_automation:switch_to_iframe:97 - 切换iframe成功
2025-01-20 02:03:35 | INFO     | web_automation:wait_for_element:65 - 切换iframe成功
2025-01-20 02:03:47 | INFO     | web_automation:wait_for_element:65 - 切换iframe成功
2025-01-20 02:03:47 | INFO     | web_automation:order_count:146 - 当前订单数量: 238
2025-01-20 02:03:47 | INFO     | web_automation:create_wave:156 - 开始生成波次
2025-01-20 02:03:53 | INFO     | web_automation:wait_for_element:65 - 切换iframe成功
2025-01-20 02:03:56 | INFO     | web_automation:create_wave:167 - 勾选整波
2025-01-20 02:04:02 | INFO     | web_automation:wait_for_element:65 - 切换iframe成功
2025-01-20 02:04:08 | ERROR    | web_automation:wait_for_element:76 - 等待元素超时 /html/body/div[4]/div/div[2]/div/div[1]/div[4]/div[1]/div[2]/div[1]/div[2]/table/tbody/tr[1]/td[2]/div/span/span[2]: Message: 
Stacktrace:
	GetHandleVerifier [0x00007FF6DB4DFBE5+28741]
	(No symbol) [0x00007FF6DB447890]
	(No symbol) [0x00007FF6DB2E4FDA]
	(No symbol) [0x00007FF6DB339322]
	(No symbol) [0x00007FF6DB33954C]
	(No symbol) [0x00007FF6DB383337]
	(No symbol) [0x00007FF6DB35FF4F]
	(No symbol) [0x00007FF6DB3800B4]
	(No symbol) [0x00007FF6DB35FCB3]
	(No symbol) [0x00007FF6DB329FB3]
	(No symbol) [0x00007FF6DB32B331]
	GetHandleVerifier [0x00007FF6DB81A73D+3414941]
	GetHandleVerifier [0x00007FF6DB82E64A+3496618]
	GetHandleVerifier [0x00007FF6DB82413D+3454365]
	GetHandleVerifier [0x00007FF6DB5A848B+850155]
	(No symbol) [0x00007FF6DB4537FF]
	(No symbol) [0x00007FF6DB44F0C4]
	(No symbol) [0x00007FF6DB44F25D]
	(No symbol) [0x00007FF6DB43E079]
	BaseThreadInitThunk [0x00007FF9E580E8D7+23]
	RtlUserThreadStart [0x00007FF9E7A5FBCC+44]

2025-01-20 02:04:08 | ERROR    | web_automation:create_wave:189 - 生成波次失败: Message: 
Stacktrace:
	GetHandleVerifier [0x00007FF6DB4DFBE5+28741]
	(No symbol) [0x00007FF6DB447890]
	(No symbol) [0x00007FF6DB2E4FDA]
	(No symbol) [0x00007FF6DB339322]
	(No symbol) [0x00007FF6DB33954C]
	(No symbol) [0x00007FF6DB383337]
	(No symbol) [0x00007FF6DB35FF4F]
	(No symbol) [0x00007FF6DB3800B4]
	(No symbol) [0x00007FF6DB35FCB3]
	(No symbol) [0x00007FF6DB329FB3]
	(No symbol) [0x00007FF6DB32B331]
	GetHandleVerifier [0x00007FF6DB81A73D+3414941]
	GetHandleVerifier [0x00007FF6DB82E64A+3496618]
	GetHandleVerifier [0x00007FF6DB82413D+3454365]
	GetHandleVerifier [0x00007FF6DB5A848B+850155]
	(No symbol) [0x00007FF6DB4537FF]
	(No symbol) [0x00007FF6DB44F0C4]
	(No symbol) [0x00007FF6DB44F25D]
	(No symbol) [0x00007FF6DB43E079]
	BaseThreadInitThunk [0x00007FF9E580E8D7+23]
	RtlUserThreadStart [0x00007FF9E7A5FBCC+44]

2025-01-20 02:04:08 | ERROR    | __main__:main:67 - 任务执行失败: Message: 
Stacktrace:
	GetHandleVerifier [0x00007FF6DB4DFBE5+28741]
	(No symbol) [0x00007FF6DB447890]
	(No symbol) [0x00007FF6DB2E4FDA]
	(No symbol) [0x00007FF6DB339322]
	(No symbol) [0x00007FF6DB33954C]
	(No symbol) [0x00007FF6DB383337]
	(No symbol) [0x00007FF6DB35FF4F]
	(No symbol) [0x00007FF6DB3800B4]
	(No symbol) [0x00007FF6DB35FCB3]
	(No symbol) [0x00007FF6DB329FB3]
	(No symbol) [0x00007FF6DB32B331]
	GetHandleVerifier [0x00007FF6DB81A73D+3414941]
	GetHandleVerifier [0x00007FF6DB82E64A+3496618]
	GetHandleVerifier [0x00007FF6DB82413D+3454365]
	GetHandleVerifier [0x00007FF6DB5A848B+850155]
	(No symbol) [0x00007FF6DB4537FF]
	(No symbol) [0x00007FF6DB44F0C4]
	(No symbol) [0x00007FF6DB44F25D]
	(No symbol) [0x00007FF6DB43E079]
	BaseThreadInitThunk [0x00007FF9E580E8D7+23]
	RtlUserThreadStart [0x00007FF9E7A5FBCC+44]

2025-01-20 02:08:53 | INFO     | web_automation:setup_driver:34 - 浏览器驱动初始化成功
2025-01-20 02:08:53 | INFO     | web_automation:login:110 - 开始登录系统
2025-01-20 02:08:57 | INFO     | web_automation:login:123 - 登录系统成功
2025-01-20 02:08:57 | INFO     | web_automation:order_count:131 - 开始查询待打单数量
2025-01-20 02:09:09 | INFO     | web_automation:switch_to_iframe:97 - 切换iframe成功
2025-01-20 02:09:15 | INFO     | web_automation:wait_for_element:65 - 切换iframe成功
2025-01-20 02:09:26 | INFO     | web_automation:wait_for_element:65 - 切换iframe成功
2025-01-20 02:09:26 | INFO     | web_automation:order_count:146 - 当前订单数量: 238
2025-01-20 02:09:26 | INFO     | web_automation:create_wave:156 - 开始生成波次
2025-01-20 02:09:33 | INFO     | web_automation:wait_for_element:65 - 切换iframe成功
2025-01-20 02:09:36 | INFO     | web_automation:create_wave:167 - 勾选整波
2025-01-20 10:24:23 | INFO     | web_automation:setup_driver:34 - 浏览器驱动初始化成功
2025-01-20 10:24:23 | INFO     | web_automation:login:110 - 开始登录系统
2025-01-20 10:24:28 | INFO     | web_automation:login:123 - 登录系统成功
2025-01-20 10:24:28 | INFO     | web_automation:order_count:131 - 开始查询待打单数量
2025-01-20 10:24:39 | INFO     | web_automation:switch_to_iframe:97 - 切换iframe成功
2025-01-20 10:24:45 | INFO     | web_automation:wait_for_element:65 - 切换iframe成功
2025-01-20 10:24:56 | INFO     | web_automation:wait_for_element:65 - 切换iframe成功
2025-01-20 10:24:56 | INFO     | web_automation:order_count:146 - 当前订单数量: 30
2025-01-20 10:24:56 | INFO     | web_automation:create_wave:156 - 开始生成波次
2025-01-20 10:25:03 | INFO     | web_automation:wait_for_element:65 - 切换iframe成功
2025-01-20 10:25:06 | INFO     | web_automation:create_wave:167 - 勾选整波
2025-01-20 10:25:12 | INFO     | web_automation:wait_for_element:65 - 切换iframe成功
2025-01-20 11:36:51 | INFO     | web_automation:setup_driver:34 - 浏览器驱动初始化成功
2025-01-20 11:36:51 | INFO     | web_automation:login:94 - 开始登录系统
2025-01-20 11:36:56 | INFO     | web_automation:login:107 - 登录系统成功
2025-01-20 11:36:56 | INFO     | web_automation:order_count:115 - 开始查询待打单数量
2025-01-20 11:37:07 | INFO     | web_automation:switch_to_iframe:62 - 切换iframe成功
2025-01-20 11:37:13 | INFO     | web_automation:switch_to_iframe:62 - 切换iframe成功
2025-01-20 11:37:24 | INFO     | web_automation:switch_to_iframe:62 - 切换iframe成功
2025-01-20 11:37:24 | INFO     | web_automation:order_count:130 - 当前订单数量: 17
2025-01-20 11:37:24 | INFO     | web_automation:create_wave:140 - 开始生成波次
2025-01-20 11:37:31 | INFO     | web_automation:switch_to_iframe:62 - 切换iframe成功
2025-01-20 11:37:34 | INFO     | web_automation:create_wave:156 - 勾选散单
2025-01-20 11:37:40 | INFO     | web_automation:switch_to_iframe:62 - 切换iframe成功
2025-01-20 11:37:43 | ERROR    | web_automation:wait_for_element:80 - 等待元素超时 /html/body/div[4]/div/div[2]/div/div[1]/div[4]/div[1]/div[2]/div[1]/div[2]/table/tbody/tr[2]/td[2]/div/span/span[2]: Message: 
Stacktrace:
	GetHandleVerifier [0x00007FF746E7FBE5+28741]
	(No symbol) [0x00007FF746DE7890]
	(No symbol) [0x00007FF746C84FDA]
	(No symbol) [0x00007FF746CD9322]
	(No symbol) [0x00007FF746CD954C]
	(No symbol) [0x00007FF746D23337]
	(No symbol) [0x00007FF746CFFF4F]
	(No symbol) [0x00007FF746D200B4]
	(No symbol) [0x00007FF746CFFCB3]
	(No symbol) [0x00007FF746CC9FB3]
	(No symbol) [0x00007FF746CCB331]
	GetHandleVerifier [0x00007FF7471BA73D+3414941]
	GetHandleVerifier [0x00007FF7471CE64A+3496618]
	GetHandleVerifier [0x00007FF7471C413D+3454365]
	GetHandleVerifier [0x00007FF746F4848B+850155]
	(No symbol) [0x00007FF746DF37FF]
	(No symbol) [0x00007FF746DEF0C4]
	(No symbol) [0x00007FF746DEF25D]
	(No symbol) [0x00007FF746DDE079]
	BaseThreadInitThunk [0x00007FFBECB4E8D7+23]
	RtlUserThreadStart [0x00007FFBEDFDFBCC+44]

2025-01-20 11:37:43 | ERROR    | web_automation:create_wave:173 - 生成波次失败: Message: 
Stacktrace:
	GetHandleVerifier [0x00007FF746E7FBE5+28741]
	(No symbol) [0x00007FF746DE7890]
	(No symbol) [0x00007FF746C84FDA]
	(No symbol) [0x00007FF746CD9322]
	(No symbol) [0x00007FF746CD954C]
	(No symbol) [0x00007FF746D23337]
	(No symbol) [0x00007FF746CFFF4F]
	(No symbol) [0x00007FF746D200B4]
	(No symbol) [0x00007FF746CFFCB3]
	(No symbol) [0x00007FF746CC9FB3]
	(No symbol) [0x00007FF746CCB331]
	GetHandleVerifier [0x00007FF7471BA73D+3414941]
	GetHandleVerifier [0x00007FF7471CE64A+3496618]
	GetHandleVerifier [0x00007FF7471C413D+3454365]
	GetHandleVerifier [0x00007FF746F4848B+850155]
	(No symbol) [0x00007FF746DF37FF]
	(No symbol) [0x00007FF746DEF0C4]
	(No symbol) [0x00007FF746DEF25D]
	(No symbol) [0x00007FF746DDE079]
	BaseThreadInitThunk [0x00007FFBECB4E8D7+23]
	RtlUserThreadStart [0x00007FFBEDFDFBCC+44]

2025-01-20 11:37:43 | ERROR    | __main__:main:67 - 任务执行失败: Message: 
Stacktrace:
	GetHandleVerifier [0x00007FF746E7FBE5+28741]
	(No symbol) [0x00007FF746DE7890]
	(No symbol) [0x00007FF746C84FDA]
	(No symbol) [0x00007FF746CD9322]
	(No symbol) [0x00007FF746CD954C]
	(No symbol) [0x00007FF746D23337]
	(No symbol) [0x00007FF746CFFF4F]
	(No symbol) [0x00007FF746D200B4]
	(No symbol) [0x00007FF746CFFCB3]
	(No symbol) [0x00007FF746CC9FB3]
	(No symbol) [0x00007FF746CCB331]
	GetHandleVerifier [0x00007FF7471BA73D+3414941]
	GetHandleVerifier [0x00007FF7471CE64A+3496618]
	GetHandleVerifier [0x00007FF7471C413D+3454365]
	GetHandleVerifier [0x00007FF746F4848B+850155]
	(No symbol) [0x00007FF746DF37FF]
	(No symbol) [0x00007FF746DEF0C4]
	(No symbol) [0x00007FF746DEF25D]
	(No symbol) [0x00007FF746DDE079]
	BaseThreadInitThunk [0x00007FFBECB4E8D7+23]
	RtlUserThreadStart [0x00007FFBEDFDFBCC+44]

2025-01-20 11:37:45 | INFO     | web_automation:close:226 - 浏览器已关闭
2025-01-20 12:25:57 | INFO     | web_automation:setup_driver:34 - 浏览器驱动初始化成功
2025-01-20 12:25:57 | INFO     | web_automation:login:94 - 开始登录系统
2025-01-20 12:26:01 | INFO     | web_automation:login:107 - 登录系统成功
2025-01-20 12:26:01 | INFO     | web_automation:order_count:115 - 开始查询待打单数量
2025-01-20 12:26:11 | INFO     | web_automation:switch_to_iframe:62 - 切换iframe成功
2025-01-20 12:26:17 | INFO     | web_automation:switch_to_iframe:62 - 切换iframe成功
2025-01-20 12:26:28 | INFO     | web_automation:switch_to_iframe:62 - 切换iframe成功
2025-01-20 12:26:28 | INFO     | web_automation:order_count:130 - 当前订单数量: 27
2025-01-20 12:26:28 | INFO     | web_automation:create_wave:140 - 开始生成波次
2025-01-20 12:26:34 | INFO     | web_automation:switch_to_iframe:62 - 切换iframe成功
2025-01-20 12:26:38 | INFO     | web_automation:create_wave:156 - 勾选散单
2025-01-20 12:26:44 | INFO     | web_automation:switch_to_iframe:62 - 切换iframe成功
2025-01-20 12:26:44 | INFO     | web_automation:create_wave:161 - 生成波次
2025-01-20 12:26:50 | INFO     | web_automation:switch_to_iframe:62 - 切换iframe成功
2025-01-20 12:27:00 | INFO     | web_automation:create_wave:167 - 关闭弹窗
2025-01-20 12:27:06 | INFO     | web_automation:switch_to_iframe:62 - 切换iframe成功
2025-01-20 12:27:09 | ERROR    | web_automation:wait_for_element:80 - 等待元素超时 //*[@id="panelTask"]/div[1]/div[2]: Message: 
Stacktrace:
	GetHandleVerifier [0x00007FF746E7FBE5+28741]
	(No symbol) [0x00007FF746DE7890]
	(No symbol) [0x00007FF746C84FDA]
	(No symbol) [0x00007FF746CD9322]
	(No symbol) [0x00007FF746CD954C]
	(No symbol) [0x00007FF746D23337]
	(No symbol) [0x00007FF746CFFF4F]
	(No symbol) [0x00007FF746D200B4]
	(No symbol) [0x00007FF746CFFCB3]
	(No symbol) [0x00007FF746CC9FB3]
	(No symbol) [0x00007FF746CCB331]
	GetHandleVerifier [0x00007FF7471BA73D+3414941]
	GetHandleVerifier [0x00007FF7471CE64A+3496618]
	GetHandleVerifier [0x00007FF7471C413D+3454365]
	GetHandleVerifier [0x00007FF746F4848B+850155]
	(No symbol) [0x00007FF746DF37FF]
	(No symbol) [0x00007FF746DEF0C4]
	(No symbol) [0x00007FF746DEF25D]
	(No symbol) [0x00007FF746DDE079]
	BaseThreadInitThunk [0x00007FFBECB4E8D7+23]
	RtlUserThreadStart [0x00007FFBEDFDFBCC+44]

2025-01-20 12:27:09 | ERROR    | web_automation:create_wave:173 - 生成波次失败: Message: 
Stacktrace:
	GetHandleVerifier [0x00007FF746E7FBE5+28741]
	(No symbol) [0x00007FF746DE7890]
	(No symbol) [0x00007FF746C84FDA]
	(No symbol) [0x00007FF746CD9322]
	(No symbol) [0x00007FF746CD954C]
	(No symbol) [0x00007FF746D23337]
	(No symbol) [0x00007FF746CFFF4F]
	(No symbol) [0x00007FF746D200B4]
	(No symbol) [0x00007FF746CFFCB3]
	(No symbol) [0x00007FF746CC9FB3]
	(No symbol) [0x00007FF746CCB331]
	GetHandleVerifier [0x00007FF7471BA73D+3414941]
	GetHandleVerifier [0x00007FF7471CE64A+3496618]
	GetHandleVerifier [0x00007FF7471C413D+3454365]
	GetHandleVerifier [0x00007FF746F4848B+850155]
	(No symbol) [0x00007FF746DF37FF]
	(No symbol) [0x00007FF746DEF0C4]
	(No symbol) [0x00007FF746DEF25D]
	(No symbol) [0x00007FF746DDE079]
	BaseThreadInitThunk [0x00007FFBECB4E8D7+23]
	RtlUserThreadStart [0x00007FFBEDFDFBCC+44]

2025-01-20 12:27:09 | ERROR    | __main__:main:69 - 任务执行失败: Message: 
Stacktrace:
	GetHandleVerifier [0x00007FF746E7FBE5+28741]
	(No symbol) [0x00007FF746DE7890]
	(No symbol) [0x00007FF746C84FDA]
	(No symbol) [0x00007FF746CD9322]
	(No symbol) [0x00007FF746CD954C]
	(No symbol) [0x00007FF746D23337]
	(No symbol) [0x00007FF746CFFF4F]
	(No symbol) [0x00007FF746D200B4]
	(No symbol) [0x00007FF746CFFCB3]
	(No symbol) [0x00007FF746CC9FB3]
	(No symbol) [0x00007FF746CCB331]
	GetHandleVerifier [0x00007FF7471BA73D+3414941]
	GetHandleVerifier [0x00007FF7471CE64A+3496618]
	GetHandleVerifier [0x00007FF7471C413D+3454365]
	GetHandleVerifier [0x00007FF746F4848B+850155]
	(No symbol) [0x00007FF746DF37FF]
	(No symbol) [0x00007FF746DEF0C4]
	(No symbol) [0x00007FF746DEF25D]
	(No symbol) [0x00007FF746DDE079]
	BaseThreadInitThunk [0x00007FFBECB4E8D7+23]
	RtlUserThreadStart [0x00007FFBEDFDFBCC+44]

2025-01-20 12:27:11 | INFO     | web_automation:close:226 - 浏览器已关闭
2025-01-20 12:48:54 | INFO     | web_automation:setup_driver:35 - 浏览器驱动初始化成功
2025-01-20 12:48:54 | INFO     | web_automation:login:112 - 开始登录系统
2025-01-20 12:49:05 | INFO     | web_automation:login:125 - 登录系统成功
2025-01-20 12:49:05 | INFO     | web_automation:order_count:133 - 开始查询待打单数量
2025-01-20 12:49:16 | INFO     | web_automation:switch_to_iframe:65 - 切换iframe成功
2025-01-20 12:49:22 | INFO     | web_automation:order_count:144 - 当前订单数量: 33
2025-01-20 12:49:22 | INFO     | web_automation:create_wave:154 - 开始生成波次
2025-01-20 12:49:22 | INFO     | web_automation:switch_to_default:76 - 切换回主文档
2025-01-20 12:49:33 | INFO     | web_automation:switch_to_iframe:65 - 切换iframe成功
2025-01-20 12:49:36 | INFO     | web_automation:create_wave:170 - 勾选散单
2025-01-20 12:49:36 | INFO     | web_automation:create_wave:175 - 生成波次
2025-01-20 12:49:46 | INFO     | web_automation:create_wave:180 - 生成波次完成
2025-01-20 12:49:46 | INFO     | web_automation:execute_wave_picking:188 - 开始执行波次配货
2025-01-20 12:49:46 | INFO     | web_automation:switch_to_default:76 - 切换回主文档
2025-01-20 12:50:01 | INFO     | web_automation:switch_to_iframe:65 - 切换iframe成功
2025-01-20 12:50:04 | INFO     | web_automation:execute_wave_picking:199 - 当前波次数量: 2
